{"/root/.openclaw/workspace/fablino/backend-nest/src/app.module.ts": {"path":"/root/.openclaw/workspace/fablino/backend-nest/src/app.module.ts","statementMap":{"0":{"start":{"line":1,"column":0},"end":{"line":1,"column":40}},"1":{"start":{"line":2,"column":0},"end":{"line":2,"column":46}},"2":{"start":{"line":3,"column":0},"end":{"line":3,"column":57}},"3":{"start":{"line":4,"column":0},"end":{"line":4,"column":28}},"4":{"start":{"line":6,"column":0},"end":{"line":6,"column":62}},"5":{"start":{"line":7,"column":0},"end":{"line":7,"column":65}},"6":{"start":{"line":8,"column":0},"end":{"line":8,"column":74}},"7":{"start":{"line":9,"column":0},"end":{"line":9,"column":62}},"8":{"start":{"line":10,"column":0},"end":{"line":10,"column":59}},"9":{"start":{"line":11,"column":0},"end":{"line":11,"column":68}},"10":{"start":{"line":12,"column":0},"end":{"line":12,"column":65}},"11":{"start":{"line":13,"column":0},"end":{"line":13,"column":59}},"12":{"start":{"line":34,"column":7},"end":{"line":34,"column":null}},"13":{"start":{"line":34,"column":13},"end":{"line":34,"column":22}},"14":{"start":{"line":34,"column":13},"end":{"line":34,"column":null}}},"fnMap":{},"branchMap":{},"s":{"0":2,"1":2,"2":2,"3":2,"4":2,"5":2,"6":2,"7":2,"8":2,"9":2,"10":2,"11":2,"12":2,"13":2,"14":2},"f":{},"b":{}}
,"/root/.openclaw/workspace/fablino/backend-nest/src/main.ts": {"path":"/root/.openclaw/workspace/fablino/backend-nest/src/main.ts","statementMap":{"0":{"start":{"line":1,"column":0},"end":{"line":1,"column":43}},"1":{"start":{"line":2,"column":0},"end":{"line":2,"column":41}},"2":{"start":{"line":3,"column":0},"end":{"line":3,"column":48}},"3":{"start":{"line":4,"column":0},"end":{"line":4,"column":29}},"4":{"start":{"line":5,"column":0},"end":{"line":5,"column":28}},"5":{"start":{"line":9,"column":14},"end":{"line":9,"column":73}},"6":{"start":{"line":12,"column":2},"end":{"line":12,"column":18}},"7":{"start":{"line":15,"column":2},"end":{"line":18,"column":6}},"8":{"start":{"line":21,"column":2},"end":{"line":24,"column":5}},"9":{"start":{"line":27,"column":2},"end":{"line":30,"column":5}},"10":{"start":{"line":33,"column":2},"end":{"line":35,"column":5}},"11":{"start":{"line":38,"column":15},"end":{"line":38,"column":55}},"12":{"start":{"line":39,"column":2},"end":{"line":39,"column":38}},"13":{"start":{"line":40,"column":2},"end":{"line":40,"column":66}},"14":{"start":{"line":42,"column":0},"end":{"line":42,"column":12}}},"fnMap":{"0":{"name":"bootstrap","decl":{"start":{"line":8,"column":15},"end":{"line":8,"column":24}},"loc":{"start":{"line":8,"column":24},"end":{"line":41,"column":1}}}},"branchMap":{"0":{"loc":{"start":{"line":38,"column":24},"end":{"line":38,"column":50}},"type":"binary-expr","locations":[{"start":{"line":38,"column":24},"end":{"line":38,"column":40}},{"start":{"line":38,"column":44},"end":{"line":38,"column":50}}]}},"s":{"0":0,"1":0,"2":0,"3":0,"4":0,"5":0,"6":0,"7":0,"8":0,"9":0,"10":0,"11":0,"12":0,"13":0,"14":0},"f":{"0":0},"b":{"0":[0,0]}}
,"/root/.openclaw/workspace/fablino/backend-nest/src/dto/generation.dto.ts": {"path":"/root/.openclaw/workspace/fablino/backend-nest/src/dto/generation.dto.ts","statementMap":{"0":{"start":{"line":1,"column":0},"end":{"line":1,"column":80}},"1":{"start":{"line":2,"column":0},"end":{"line":2,"column":41}},"2":{"start":{"line":4,"column":0},"end":{"line":4,"column":13}},"3":{"start":{"line":6,"column":2},"end":{"line":6,"column":null}},"4":{"start":{"line":9,"column":2},"end":{"line":9,"column":null}},"5":{"start":{"line":12,"column":0},"end":{"line":12,"column":13}},"6":{"start":{"line":14,"column":2},"end":{"line":14,"column":null}},"7":{"start":{"line":18,"column":2},"end":{"line":18,"column":null}},"8":{"start":{"line":21,"column":0},"end":{"line":21,"column":13}},"9":{"start":{"line":25,"column":2},"end":{"line":25,"column":null}},"10":{"start":{"line":24,"column":14},"end":{"line":24,"column":21}},"11":{"start":{"line":31,"column":2},"end":{"line":31,"column":null}},"12":{"start":{"line":30,"column":14},"end":{"line":30,"column":30}},"13":{"start":{"line":34,"column":0},"end":{"line":34,"column":13}},"14":{"start":{"line":36,"column":2},"end":{"line":36,"column":null}},"15":{"start":{"line":40,"column":2},"end":{"line":40,"column":null}},"16":{"start":{"line":45,"column":2},"end":{"line":45,"column":null}},"17":{"start":{"line":44,"column":14},"end":{"line":44,"column":33}},"18":{"start":{"line":48,"column":0},"end":{"line":48,"column":13}},"19":{"start":{"line":50,"column":2},"end":{"line":50,"column":null}},"20":{"start":{"line":53,"column":2},"end":{"line":53,"column":null}},"21":{"start":{"line":56,"column":2},"end":{"line":61,"column":null}},"22":{"start":{"line":65,"column":2},"end":{"line":65,"column":null}},"23":{"start":{"line":69,"column":2},"end":{"line":69,"column":null}}},"fnMap":{"0":{"name":"(anonymous_2)","decl":{"start":{"line":24,"column":8},"end":{"line":24,"column":11}},"loc":{"start":{"line":24,"column":14},"end":{"line":24,"column":21}}},"1":{"name":"(anonymous_3)","decl":{"start":{"line":30,"column":8},"end":{"line":30,"column":11}},"loc":{"start":{"line":30,"column":14},"end":{"line":30,"column":30}}},"2":{"name":"(anonymous_4)","decl":{"start":{"line":44,"column":8},"end":{"line":44,"column":11}},"loc":{"start":{"line":44,"column":14},"end":{"line":44,"column":33}}}},"branchMap":{},"s":{"0":4,"1":4,"2":4,"3":4,"4":4,"5":4,"6":4,"7":4,"8":4,"9":4,"10":0,"11":4,"12":0,"13":4,"14":4,"15":4,"16":4,"17":0,"18":4,"19":4,"20":4,"21":4,"22":4,"23":4},"f":{"0":0,"1":0,"2":0},"b":{}}
,"/root/.openclaw/workspace/fablino/backend-nest/src/dto/reserve.dto.ts": {"path":"/root/.openclaw/workspace/fablino/backend-nest/src/dto/reserve.dto.ts","statementMap":{"0":{"start":{"line":1,"column":0},"end":{"line":1,"column":55}},"1":{"start":{"line":3,"column":0},"end":{"line":3,"column":13}},"2":{"start":{"line":6,"column":2},"end":{"line":6,"column":null}},"3":{"start":{"line":10,"column":2},"end":{"line":10,"column":null}},"4":{"start":{"line":14,"column":2},"end":{"line":14,"column":null}}},"fnMap":{},"branchMap":{},"s":{"0":4,"1":4,"2":4,"3":4,"4":4},"f":{},"b":{}}
,"/root/.openclaw/workspace/fablino/backend-nest/src/dto/stories.dto.ts": {"path":"/root/.openclaw/workspace/fablino/backend-nest/src/dto/stories.dto.ts","statementMap":{"0":{"start":{"line":1,"column":0},"end":{"line":1,"column":66}},"1":{"start":{"line":3,"column":0},"end":{"line":3,"column":13}},"2":{"start":{"line":5,"column":2},"end":{"line":5,"column":null}},"3":{"start":{"line":8,"column":0},"end":{"line":8,"column":13}},"4":{"start":{"line":10,"column":2},"end":{"line":10,"column":null}},"5":{"start":{"line":13,"column":2},"end":{"line":13,"column":null}}},"fnMap":{},"branchMap":{},"s":{"0":4,"1":4,"2":4,"3":4,"4":4,"5":4},"f":{},"b":{}}
,"/root/.openclaw/workspace/fablino/backend-nest/src/dto/waitlist.dto.ts": {"path":"/root/.openclaw/workspace/fablino/backend-nest/src/dto/waitlist.dto.ts","statementMap":{"0":{"start":{"line":1,"column":0},"end":{"line":1,"column":73}},"1":{"start":{"line":3,"column":0},"end":{"line":3,"column":13}},"2":{"start":{"line":5,"column":2},"end":{"line":5,"column":null}},"3":{"start":{"line":9,"column":2},"end":{"line":9,"column":null}},"4":{"start":{"line":13,"column":2},"end":{"line":13,"column":null}},"5":{"start":{"line":17,"column":2},"end":{"line":17,"column":null}},"6":{"start":{"line":20,"column":2},"end":{"line":20,"column":null}},"7":{"start":{"line":24,"column":2},"end":{"line":24,"column":null}}},"fnMap":{},"branchMap":{},"s":{"0":4,"1":4,"2":4,"3":4,"4":4,"5":4,"6":4,"7":4},"f":{},"b":{}}
,"/root/.openclaw/workspace/fablino/backend-nest/src/guards/basic-auth.guard.ts": {"path":"/root/.openclaw/workspace/fablino/backend-nest/src/guards/basic-auth.guard.ts","statementMap":{"0":{"start":{"line":1,"column":0},"end":{"line":1,"column":98}},"1":{"start":{"line":2,"column":0},"end":{"line":2,"column":47}},"2":{"start":{"line":5,"column":7},"end":{"line":32,"column":null}},"3":{"start":{"line":6,"column":22},"end":{"line":6,"column":37}},"4":{"start":{"line":9,"column":20},"end":{"line":9,"column":55}},"5":{"start":{"line":10,"column":21},"end":{"line":10,"column":57}},"6":{"start":{"line":12,"column":17},"end":{"line":12,"column":46}},"7":{"start":{"line":14,"column":4},"end":{"line":17,"column":5}},"8":{"start":{"line":15,"column":6},"end":{"line":15,"column":68}},"9":{"start":{"line":16,"column":6},"end":{"line":16,"column":65}},"10":{"start":{"line":19,"column":24},"end":{"line":19,"column":87}},"11":{"start":{"line":20,"column":21},"end":{"line":20,"column":35}},"12":{"start":{"line":21,"column":21},"end":{"line":21,"column":35}},"13":{"start":{"line":23,"column":26},"end":{"line":23,"column":91}},"14":{"start":{"line":25,"column":4},"end":{"line":28,"column":5}},"15":{"start":{"line":26,"column":6},"end":{"line":26,"column":68}},"16":{"start":{"line":27,"column":6},"end":{"line":27,"column":61}},"17":{"start":{"line":30,"column":4},"end":{"line":30,"column":16}},"18":{"start":{"line":5,"column":13},"end":{"line":5,"column":27}},"19":{"start":{"line":5,"column":13},"end":{"line":32,"column":null}}},"fnMap":{"0":{"name":"(anonymous_2)","decl":{"start":{"line":6,"column":2},"end":{"line":6,"column":22}},"loc":{"start":{"line":6,"column":50},"end":{"line":6,"column":54}}},"1":{"name":"(anonymous_3)","decl":{"start":{"line":8,"column":2},"end":{"line":8,"column":13}},"loc":{"start":{"line":8,"column":39},"end":{"line":31,"column":3}}}},"branchMap":{"0":{"loc":{"start":{"line":14,"column":4},"end":{"line":17,"column":5}},"type":"if","locations":[{"start":{"line":14,"column":4},"end":{"line":17,"column":5}}]},"1":{"loc":{"start":{"line":23,"column":26},"end":{"line":23,"column":91}},"type":"binary-expr","locations":[{"start":{"line":23,"column":26},"end":{"line":23,"column":74}},{"start":{"line":23,"column":78},"end":{"line":23,"column":91}}]},"2":{"loc":{"start":{"line":25,"column":4},"end":{"line":28,"column":5}},"type":"if","locations":[{"start":{"line":25,"column":4},"end":{"line":28,"column":5}}]},"3":{"loc":{"start":{"line":25,"column":8},"end":{"line":25,"column":58}},"type":"binary-expr","locations":[{"start":{"line":25,"column":8},"end":{"line":25,"column":28}},{"start":{"line":25,"column":32},"end":{"line":25,"column":58}}]}},"s":{"0":3,"1":3,"2":3,"3":17,"4":12,"5":12,"6":12,"7":12,"8":1,"9":1,"10":11,"11":10,"12":10,"13":10,"14":10,"15":7,"16":7,"17":3,"18":3,"19":3},"f":{"0":17,"1":12},"b":{"0":[1],"1":[10,1],"2":[7],"3":[10,5]}}
,"/root/.openclaw/workspace/fablino/backend-nest/src/modules/admin/admin.controller.ts": {"path":"/root/.openclaw/workspace/fablino/backend-nest/src/modules/admin/admin.controller.ts","statementMap":{"0":{"start":{"line":1,"column":0},"end":{"line":1,"column":108}},"1":{"start":{"line":2,"column":0},"end":{"line":2,"column":47}},"2":{"start":{"line":3,"column":0},"end":{"line":3,"column":63}},"3":{"start":{"line":8,"column":7},"end":{"line":42,"column":null}},"4":{"start":{"line":9,"column":31},"end":{"line":9,"column":45}},"5":{"start":{"line":13,"column":4},"end":{"line":13,"column":35}},"6":{"start":{"line":18,"column":4},"end":{"line":18,"column":52}},"7":{"start":{"line":23,"column":4},"end":{"line":23,"column":48}},"8":{"start":{"line":29,"column":4},"end":{"line":29,"column":45}},"9":{"start":{"line":34,"column":4},"end":{"line":34,"column":53}},"10":{"start":{"line":40,"column":4},"end":{"line":40,"column":48}},"11":{"start":{"line":8,"column":13},"end":{"line":8,"column":28}},"12":{"start":{"line":12,"column":2},"end":{"line":14,"column":null}},"13":{"start":{"line":17,"column":8},"end":{"line":19,"column":null}},"14":{"start":{"line":22,"column":8},"end":{"line":24,"column":null}},"15":{"start":{"line":28,"column":8},"end":{"line":30,"column":null}},"16":{"start":{"line":33,"column":8},"end":{"line":35,"column":null}},"17":{"start":{"line":39,"column":8},"end":{"line":41,"column":null}},"18":{"start":{"line":8,"column":13},"end":{"line":42,"column":null}}},"fnMap":{"0":{"name":"(anonymous_4)","decl":{"start":{"line":9,"column":2},"end":{"line":9,"column":31}},"loc":{"start":{"line":9,"column":57},"end":{"line":9,"column":61}}},"1":{"name":"(anonymous_5)","decl":{"start":{"line":12,"column":2},"end":{"line":12,"column":10}},"loc":{"start":{"line":12,"column":31},"end":{"line":14,"column":3}}},"2":{"name":"(anonymous_6)","decl":{"start":{"line":17,"column":2},"end":{"line":17,"column":7}},"loc":{"start":{"line":17,"column":40},"end":{"line":19,"column":3}}},"3":{"name":"(anonymous_7)","decl":{"start":{"line":22,"column":2},"end":{"line":22,"column":7}},"loc":{"start":{"line":22,"column":46},"end":{"line":24,"column":3}}},"4":{"name":"(anonymous_8)","decl":{"start":{"line":28,"column":2},"end":{"line":28,"column":7}},"loc":{"start":{"line":28,"column":43},"end":{"line":30,"column":3}}},"5":{"name":"(anonymous_9)","decl":{"start":{"line":33,"column":2},"end":{"line":33,"column":7}},"loc":{"start":{"line":33,"column":41},"end":{"line":35,"column":3}}},"6":{"name":"(anonymous_10)","decl":{"start":{"line":39,"column":2},"end":{"line":39,"column":7}},"loc":{"start":{"line":39,"column":46},"end":{"line":41,"column":3}}}},"branchMap":{},"s":{"0":2,"1":2,"2":2,"3":2,"4":2,"5":0,"6":0,"7":0,"8":0,"9":0,"10":0,"11":2,"12":2,"13":2,"14":2,"15":2,"16":2,"17":2,"18":2},"f":{"0":2,"1":0,"2":0,"3":0,"4":0,"5":0,"6":0},"b":{}}
,"/root/.openclaw/workspace/fablino/backend-nest/src/modules/admin/admin.module.ts": {"path":"/root/.openclaw/workspace/fablino/backend-nest/src/modules/admin/admin.module.ts","statementMap":{"0":{"start":{"line":1,"column":0},"end":{"line":1,"column":40}},"1":{"start":{"line":2,"column":0},"end":{"line":2,"column":53}},"2":{"start":{"line":3,"column":0},"end":{"line":3,"column":47}},"3":{"start":{"line":4,"column":0},"end":{"line":4,"column":63}},"4":{"start":{"line":11,"column":7},"end":{"line":11,"column":null}},"5":{"start":{"line":11,"column":13},"end":{"line":11,"column":24}},"6":{"start":{"line":11,"column":13},"end":{"line":11,"column":null}}},"fnMap":{},"branchMap":{},"s":{"0":2,"1":2,"2":2,"3":2,"4":2,"5":2,"6":2},"f":{},"b":{}}
,"/root/.openclaw/workspace/fablino/backend-nest/src/modules/admin/admin.service.ts": {"path":"/root/.openclaw/workspace/fablino/backend-nest/src/modules/admin/admin.service.ts","statementMap":{"0":{"start":{"line":1,"column":0},"end":{"line":1,"column":71}},"1":{"start":{"line":2,"column":0},"end":{"line":2,"column":57}},"2":{"start":{"line":6,"column":7},"end":{"line":454,"column":null}},"3":{"start":{"line":7,"column":22},"end":{"line":7,"column":30}},"4":{"start":{"line":10,"column":4},"end":{"line":228,"column":5}},"5":{"start":{"line":11,"column":22},"end":{"line":19,"column":8}},"6":{"start":{"line":21,"column":19},"end":{"line":222,"column":9}},"7":{"start":{"line":169,"column":79},"end":{"line":201,"column":6}},"8":{"start":{"line":224,"column":6},"end":{"line":224,"column":21}},"9":{"start":{"line":226,"column":6},"end":{"line":226,"column":51}},"10":{"start":{"line":227,"column":6},"end":{"line":227,"column":52}},"11":{"start":{"line":232,"column":4},"end":{"line":408,"column":5}},"12":{"start":{"line":233,"column":23},"end":{"line":235,"column":8}},"13":{"start":{"line":238,"column":34},"end":{"line":248,"column":null}},"14":{"start":{"line":240,"column":10},"end":{"line":246,"column":11}},"15":{"start":{"line":241,"column":26},"end":{"line":244,"column":14}},"16":{"start":{"line":245,"column":12},"end":{"line":245,"column":64}},"17":{"start":{"line":247,"column":10},"end":{"line":247,"column":46}},"18":{"start":{"line":251,"column":19},"end":{"line":402,"column":9}},"19":{"start":{"line":372,"column":101},"end":{"line":389,"column":6}},"20":{"start":{"line":404,"column":6},"end":{"line":404,"column":21}},"21":{"start":{"line":406,"column":6},"end":{"line":406,"column":52}},"22":{"start":{"line":407,"column":6},"end":{"line":407,"column":53}},"23":{"start":{"line":412,"column":4},"end":{"line":427,"column":5}},"24":{"start":{"line":413,"column":20},"end":{"line":413,"column":73}},"25":{"start":{"line":414,"column":6},"end":{"line":416,"column":7}},"26":{"start":{"line":415,"column":8},"end":{"line":415,"column":73}},"27":{"start":{"line":418,"column":6},"end":{"line":421,"column":9}},"28":{"start":{"line":423,"column":6},"end":{"line":423,"column":31}},"29":{"start":{"line":425,"column":6},"end":{"line":425,"column":53}},"30":{"start":{"line":426,"column":6},"end":{"line":426,"column":90}},"31":{"start":{"line":431,"column":4},"end":{"line":437,"column":5}},"32":{"start":{"line":432,"column":6},"end":{"line":432,"column":56}},"33":{"start":{"line":433,"column":6},"end":{"line":433,"column":31}},"34":{"start":{"line":435,"column":6},"end":{"line":435,"column":50}},"35":{"start":{"line":436,"column":6},"end":{"line":436,"column":90}},"36":{"start":{"line":441,"column":4},"end":{"line":447,"column":5}},"37":{"start":{"line":442,"column":6},"end":{"line":442,"column":73}},"38":{"start":{"line":443,"column":6},"end":{"line":443,"column":31}},"39":{"start":{"line":445,"column":6},"end":{"line":445,"column":53}},"40":{"start":{"line":446,"column":6},"end":{"line":446,"column":99}},"41":{"start":{"line":451,"column":4},"end":{"line":451,"column":25}},"42":{"start":{"line":451,"column":15},"end":{"line":451,"column":25}},"43":{"start":{"line":452,"column":4},"end":{"line":452,"column":130}},"44":{"start":{"line":6,"column":13},"end":{"line":6,"column":25}},"45":{"start":{"line":6,"column":13},"end":{"line":454,"column":null}}},"fnMap":{"0":{"name":"(anonymous_2)","decl":{"start":{"line":7,"column":2},"end":{"line":7,"column":22}},"loc":{"start":{"line":7,"column":43},"end":{"line":7,"column":47}}},"1":{"name":"(anonymous_3)","decl":{"start":{"line":9,"column":2},"end":{"line":9,"column":7}},"loc":{"start":{"line":9,"column":39},"end":{"line":229,"column":3}}},"2":{"name":"(anonymous_4)","decl":{"start":{"line":169,"column":70},"end":{"line":169,"column":75}},"loc":{"start":{"line":169,"column":79},"end":{"line":201,"column":6}}},"3":{"name":"(anonymous_5)","decl":{"start":{"line":231,"column":2},"end":{"line":231,"column":7}},"loc":{"start":{"line":231,"column":40},"end":{"line":409,"column":3}}},"4":{"name":"(anonymous_6)","decl":{"start":{"line":239,"column":21},"end":{"line":239,"column":26}},"loc":{"start":{"line":239,"column":37},"end":{"line":248,"column":9}}},"5":{"name":"(anonymous_7)","decl":{"start":{"line":372,"column":92},"end":{"line":372,"column":97}},"loc":{"start":{"line":372,"column":101},"end":{"line":389,"column":6}}},"6":{"name":"(anonymous_8)","decl":{"start":{"line":411,"column":2},"end":{"line":411,"column":7}},"loc":{"start":{"line":411,"column":33},"end":{"line":428,"column":3}}},"7":{"name":"(anonymous_9)","decl":{"start":{"line":430,"column":2},"end":{"line":430,"column":7}},"loc":{"start":{"line":430,"column":30},"end":{"line":438,"column":3}}},"8":{"name":"(anonymous_10)","decl":{"start":{"line":440,"column":2},"end":{"line":440,"column":7}},"loc":{"start":{"line":440,"column":33},"end":{"line":448,"column":3}}},"9":{"name":"(anonymous_11)","decl":{"start":{"line":450,"column":10},"end":{"line":450,"column":20}},"loc":{"start":{"line":450,"column":33},"end":{"line":453,"column":3}}}},"branchMap":{"0":{"loc":{"start":{"line":169,"column":6},"end":{"line":201,"column":15}},"type":"cond-expr","locations":[{"start":{"line":169,"column":29},"end":{"line":169,"column":55}},{"start":{"line":169,"column":58},"end":{"line":201,"column":15}}]},"1":{"loc":{"start":{"line":173,"column":67},"end":{"line":173,"column":96}},"type":"binary-expr","locations":[{"start":{"line":173,"column":67},"end":{"line":173,"column":80}},{"start":{"line":173,"column":84},"end":{"line":173,"column":96}}]},"2":{"loc":{"start":{"line":175,"column":14},"end":{"line":175,"column":82}},"type":"cond-expr","locations":[{"start":{"line":175,"column":31},"end":{"line":175,"column":77}},{"start":{"line":175,"column":80},"end":{"line":175,"column":82}}]},"3":{"loc":{"start":{"line":176,"column":38},"end":{"line":176,"column":69}},"type":"binary-expr","locations":[{"start":{"line":176,"column":38},"end":{"line":176,"column":52}},{"start":{"line":176,"column":56},"end":{"line":176,"column":69}}]},"4":{"loc":{"start":{"line":177,"column":14},"end":{"line":177,"column":125}},"type":"cond-expr","locations":[{"start":{"line":177,"column":32},"end":{"line":177,"column":76}},{"start":{"line":177,"column":79},"end":{"line":177,"column":125}}]},"5":{"loc":{"start":{"line":182,"column":12},"end":{"line":189,"column":16}},"type":"cond-expr","locations":[{"start":{"line":182,"column":33},"end":{"line":189,"column":12}},{"start":{"line":189,"column":14},"end":{"line":189,"column":16}}]},"6":{"loc":{"start":{"line":193,"column":31},"end":{"line":193,"column":77}},"type":"cond-expr","locations":[{"start":{"line":193,"column":48},"end":{"line":193,"column":61}},{"start":{"line":193,"column":64},"end":{"line":193,"column":77}}]},"7":{"loc":{"start":{"line":194,"column":14},"end":{"line":194,"column":54}},"type":"cond-expr","locations":[{"start":{"line":194,"column":31},"end":{"line":194,"column":42}},{"start":{"line":194,"column":45},"end":{"line":194,"column":54}}]},"8":{"loc":{"start":{"line":240,"column":10},"end":{"line":246,"column":11}},"type":"if","locations":[{"start":{"line":240,"column":10},"end":{"line":246,"column":11}}]},"9":{"loc":{"start":{"line":245,"column":43},"end":{"line":245,"column":61}},"type":"binary-expr","locations":[{"start":{"line":245,"column":43},"end":{"line":245,"column":55}},{"start":{"line":245,"column":59},"end":{"line":245,"column":61}}]},"10":{"loc":{"start":{"line":372,"column":6},"end":{"line":389,"column":15}},"type":"cond-expr","locations":[{"start":{"line":372,"column":30},"end":{"line":372,"column":65}},{"start":{"line":372,"column":68},"end":{"line":389,"column":15}}]},"11":{"loc":{"start":{"line":376,"column":12},"end":{"line":376,"column":100}},"type":"cond-expr","locations":[{"start":{"line":376,"column":29},"end":{"line":376,"column":95}},{"start":{"line":376,"column":98},"end":{"line":376,"column":100}}]},"12":{"loc":{"start":{"line":377,"column":12},"end":{"line":377,"column":97}},"type":"cond-expr","locations":[{"start":{"line":377,"column":27},"end":{"line":377,"column":92}},{"start":{"line":377,"column":95},"end":{"line":377,"column":97}}]},"13":{"loc":{"start":{"line":379,"column":14},"end":{"line":379,"column":168}},"type":"cond-expr","locations":[{"start":{"line":379,"column":30},"end":{"line":379,"column":129}},{"start":{"line":379,"column":132},"end":{"line":379,"column":168}}]},"14":{"loc":{"start":{"line":379,"column":86},"end":{"line":379,"column":119}},"type":"binary-expr","locations":[{"start":{"line":379,"column":86},"end":{"line":379,"column":102}},{"start":{"line":379,"column":106},"end":{"line":379,"column":119}}]},"15":{"loc":{"start":{"line":414,"column":6},"end":{"line":416,"column":7}},"type":"if","locations":[{"start":{"line":414,"column":6},"end":{"line":416,"column":7}}]},"16":{"loc":{"start":{"line":451,"column":4},"end":{"line":451,"column":25}},"type":"if","locations":[{"start":{"line":451,"column":4},"end":{"line":451,"column":25}}]}},"s":{"0":2,"1":2,"2":2,"3":2,"4":0,"5":0,"6":0,"7":0,"8":0,"9":0,"10":0,"11":0,"12":0,"13":0,"14":0,"15":0,"16":0,"17":0,"18":0,"19":0,"20":0,"21":0,"22":0,"23":0,"24":0,"25":0,"26":0,"27":0,"28":0,"29":0,"30":0,"31":0,"32":0,"33":0,"34":0,"35":0,"36":0,"37":0,"38":0,"39":0,"40":0,"41":0,"42":0,"43":0,"44":2,"45":2},"f":{"0":2,"1":0,"2":0,"3":0,"4":0,"5":0,"6":0,"7":0,"8":0,"9":0},"b":{"0":[0,0],"1":[0,0],"2":[0,0],"3":[0,0],"4":[0,0],"5":[0,0],"6":[0,0],"7":[0,0],"8":[0],"9":[0,0],"10":[0,0],"11":[0,0],"12":[0,0],"13":[0,0],"14":[0,0],"15":[0],"16":[0]}}
,"/root/.openclaw/workspace/fablino/backend-nest/src/modules/audio/audio.controller.ts": {"path":"/root/.openclaw/workspace/fablino/backend-nest/src/modules/audio/audio.controller.ts","statementMap":{"0":{"start":{"line":1,"column":0},"end":{"line":1,"column":80}},"1":{"start":{"line":2,"column":0},"end":{"line":2,"column":47}},"2":{"start":{"line":6,"column":7},"end":{"line":17,"column":null}},"3":{"start":{"line":7,"column":31},"end":{"line":7,"column":45}},"4":{"start":{"line":11,"column":4},"end":{"line":15,"column":5}},"5":{"start":{"line":12,"column":6},"end":{"line":12,"column":56}},"6":{"start":{"line":14,"column":6},"end":{"line":14,"column":58}},"7":{"start":{"line":6,"column":13},"end":{"line":6,"column":28}},"8":{"start":{"line":10,"column":8},"end":{"line":16,"column":null}},"9":{"start":{"line":6,"column":13},"end":{"line":17,"column":null}}},"fnMap":{"0":{"name":"(anonymous_4)","decl":{"start":{"line":7,"column":2},"end":{"line":7,"column":31}},"loc":{"start":{"line":7,"column":57},"end":{"line":7,"column":61}}},"1":{"name":"(anonymous_5)","decl":{"start":{"line":10,"column":2},"end":{"line":10,"column":7}},"loc":{"start":{"line":10,"column":74},"end":{"line":16,"column":3}}}},"branchMap":{},"s":{"0":3,"1":3,"2":3,"3":9,"4":13,"5":13,"6":5,"7":3,"8":3,"9":3},"f":{"0":9,"1":13},"b":{}}
,"/root/.openclaw/workspace/fablino/backend-nest/src/modules/audio/audio.module.ts": {"path":"/root/.openclaw/workspace/fablino/backend-nest/src/modules/audio/audio.module.ts","statementMap":{"0":{"start":{"line":1,"column":0},"end":{"line":1,"column":40}},"1":{"start":{"line":2,"column":0},"end":{"line":2,"column":53}},"2":{"start":{"line":3,"column":0},"end":{"line":3,"column":47}},"3":{"start":{"line":10,"column":7},"end":{"line":10,"column":null}},"4":{"start":{"line":10,"column":13},"end":{"line":10,"column":24}},"5":{"start":{"line":10,"column":13},"end":{"line":10,"column":null}}},"fnMap":{},"branchMap":{},"s":{"0":2,"1":2,"2":2,"3":2,"4":2,"5":2},"f":{},"b":{}}
,"/root/.openclaw/workspace/fablino/backend-nest/src/modules/audio/audio.service.ts": {"path":"/root/.openclaw/workspace/fablino/backend-nest/src/modules/audio/audio.service.ts","statementMap":{"0":{"start":{"line":1,"column":0},"end":{"line":1,"column":63}},"1":{"start":{"line":3,"column":0},"end":{"line":3,"column":25}},"2":{"start":{"line":4,"column":0},"end":{"line":4,"column":29}},"3":{"start":{"line":7,"column":7},"end":{"line":36,"column":null}},"4":{"start":{"line":8,"column":19},"end":{"line":8,"column":56}},"5":{"start":{"line":11,"column":22},"end":{"line":11,"column":65}},"6":{"start":{"line":13,"column":4},"end":{"line":15,"column":5}},"7":{"start":{"line":14,"column":6},"end":{"line":14,"column":58}},"8":{"start":{"line":17,"column":17},"end":{"line":17,"column":39}},"9":{"start":{"line":19,"column":4},"end":{"line":24,"column":7}},"10":{"start":{"line":26,"column":23},"end":{"line":26,"column":53}},"11":{"start":{"line":27,"column":4},"end":{"line":27,"column":25}},"12":{"start":{"line":29,"column":4},"end":{"line":34,"column":7}},"13":{"start":{"line":30,"column":6},"end":{"line":30,"column":48}},"14":{"start":{"line":31,"column":6},"end":{"line":33,"column":7}},"15":{"start":{"line":32,"column":8},"end":{"line":32,"column":54}},"16":{"start":{"line":7,"column":13},"end":{"line":7,"column":25}},"17":{"start":{"line":7,"column":13},"end":{"line":36,"column":null}}},"fnMap":{"0":{"name":"(anonymous_1)","decl":{"start":{"line":7,"column":7},"end":{"line":7,"column":13}},"loc":{"start":{"line":7,"column":7},"end":{"line":36,"column":1}}},"1":{"name":"(anonymous_2)","decl":{"start":{"line":10,"column":2},"end":{"line":10,"column":12}},"loc":{"start":{"line":10,"column":43},"end":{"line":35,"column":3}}},"2":{"name":"(anonymous_3)","decl":{"start":{"line":29,"column":27},"end":{"line":29,"column":28}},"loc":{"start":{"line":29,"column":35},"end":{"line":34,"column":5}}}},"branchMap":{"0":{"loc":{"start":{"line":13,"column":4},"end":{"line":15,"column":5}},"type":"if","locations":[{"start":{"line":13,"column":4},"end":{"line":15,"column":5}}]},"1":{"loc":{"start":{"line":31,"column":6},"end":{"line":33,"column":7}},"type":"if","locations":[{"start":{"line":31,"column":6},"end":{"line":33,"column":7}}]}},"s":{"0":4,"1":4,"2":4,"3":4,"4":3,"5":21,"6":21,"7":2,"8":19,"9":18,"10":18,"11":17,"12":17,"13":2,"14":2,"15":1,"16":4,"17":4},"f":{"0":3,"1":21,"2":2},"b":{"0":[2],"1":[1]}}
,"/root/.openclaw/workspace/fablino/backend-nest/src/modules/generation/generation.controller.ts": {"path":"/root/.openclaw/workspace/fablino/backend-nest/src/modules/generation/generation.controller.ts","statementMap":{"0":{"start":{"line":1,"column":0},"end":{"line":1,"column":107}},"1":{"start":{"line":2,"column":0},"end":{"line":2,"column":62}},"2":{"start":{"line":3,"column":0},"end":{"line":3,"column":76}},"3":{"start":{"line":7,"column":7},"end":{"line":29,"column":null}},"4":{"start":{"line":8,"column":31},"end":{"line":8,"column":50}},"5":{"start":{"line":12,"column":4},"end":{"line":12,"column":53}},"6":{"start":{"line":17,"column":4},"end":{"line":17,"column":52}},"7":{"start":{"line":22,"column":4},"end":{"line":22,"column":56}},"8":{"start":{"line":27,"column":4},"end":{"line":27,"column":51}},"9":{"start":{"line":7,"column":13},"end":{"line":7,"column":33}},"10":{"start":{"line":11,"column":8},"end":{"line":13,"column":null}},"11":{"start":{"line":16,"column":8},"end":{"line":18,"column":null}},"12":{"start":{"line":21,"column":8},"end":{"line":23,"column":null}},"13":{"start":{"line":26,"column":8},"end":{"line":28,"column":null}},"14":{"start":{"line":7,"column":13},"end":{"line":29,"column":null}}},"fnMap":{"0":{"name":"(anonymous_4)","decl":{"start":{"line":8,"column":2},"end":{"line":8,"column":31}},"loc":{"start":{"line":8,"column":67},"end":{"line":8,"column":71}}},"1":{"name":"(anonymous_5)","decl":{"start":{"line":11,"column":2},"end":{"line":11,"column":7}},"loc":{"start":{"line":11,"column":51},"end":{"line":13,"column":3}}},"2":{"name":"(anonymous_6)","decl":{"start":{"line":16,"column":2},"end":{"line":16,"column":7}},"loc":{"start":{"line":16,"column":45},"end":{"line":18,"column":3}}},"3":{"name":"(anonymous_7)","decl":{"start":{"line":21,"column":2},"end":{"line":21,"column":7}},"loc":{"start":{"line":21,"column":69},"end":{"line":23,"column":3}}},"4":{"name":"(anonymous_8)","decl":{"start":{"line":26,"column":2},"end":{"line":26,"column":7}},"loc":{"start":{"line":26,"column":44},"end":{"line":28,"column":3}}}},"branchMap":{},"s":{"0":3,"1":3,"2":3,"3":3,"4":14,"5":3,"6":2,"7":3,"8":7,"9":3,"10":3,"11":3,"12":3,"13":3,"14":3},"f":{"0":14,"1":3,"2":2,"3":3,"4":7},"b":{}}
,"/root/.openclaw/workspace/fablino/backend-nest/src/modules/generation/generation.module.ts": {"path":"/root/.openclaw/workspace/fablino/backend-nest/src/modules/generation/generation.module.ts","statementMap":{"0":{"start":{"line":1,"column":0},"end":{"line":1,"column":40}},"1":{"start":{"line":2,"column":0},"end":{"line":2,"column":63}},"2":{"start":{"line":3,"column":0},"end":{"line":3,"column":55}},"3":{"start":{"line":4,"column":0},"end":{"line":4,"column":57}},"4":{"start":{"line":5,"column":0},"end":{"line":5,"column":62}},"5":{"start":{"line":6,"column":0},"end":{"line":6,"column":56}},"6":{"start":{"line":7,"column":0},"end":{"line":7,"column":60}},"7":{"start":{"line":8,"column":0},"end":{"line":8,"column":68}},"8":{"start":{"line":21,"column":7},"end":{"line":21,"column":null}},"9":{"start":{"line":21,"column":13},"end":{"line":21,"column":29}},"10":{"start":{"line":21,"column":13},"end":{"line":21,"column":null}}},"fnMap":{},"branchMap":{},"s":{"0":2,"1":2,"2":2,"3":2,"4":2,"5":2,"6":2,"7":2,"8":2,"9":2,"10":2},"f":{},"b":{}}
,"/root/.openclaw/workspace/fablino/backend-nest/src/modules/generation/generation.service.ts": {"path":"/root/.openclaw/workspace/fablino/backend-nest/src/modules/generation/generation.service.ts","statementMap":{"0":{"start":{"line":1,"column":0},"end":{"line":1,"column":90}},"1":{"start":{"line":2,"column":0},"end":{"line":2,"column":57}},"2":{"start":{"line":3,"column":0},"end":{"line":3,"column":81}},"3":{"start":{"line":4,"column":0},"end":{"line":4,"column":56}},"4":{"start":{"line":5,"column":0},"end":{"line":5,"column":60}},"5":{"start":{"line":6,"column":0},"end":{"line":6,"column":68}},"6":{"start":{"line":9,"column":0},"end":{"line":9,"column":36}},"7":{"start":{"line":10,"column":0},"end":{"line":10,"column":25}},"8":{"start":{"line":11,"column":0},"end":{"line":11,"column":29}},"9":{"start":{"line":29,"column":7},"end":{"line":332,"column":null}},"10":{"start":{"line":35,"column":12},"end":{"line":35,"column":20}},"11":{"start":{"line":36,"column":12},"end":{"line":36,"column":27}},"12":{"start":{"line":37,"column":12},"end":{"line":37,"column":24}},"13":{"start":{"line":38,"column":12},"end":{"line":38,"column":26}},"14":{"start":{"line":39,"column":12},"end":{"line":39,"column":30}},"15":{"start":{"line":30,"column":19},"end":{"line":30,"column":56}},"16":{"start":{"line":31,"column":19},"end":{"line":31,"column":57}},"17":{"start":{"line":32,"column":19},"end":{"line":32,"column":52}},"18":{"start":{"line":42,"column":4},"end":{"line":49,"column":22}},"19":{"start":{"line":43,"column":18},"end":{"line":43,"column":28}},"20":{"start":{"line":44,"column":6},"end":{"line":48,"column":7}},"21":{"start":{"line":45,"column":8},"end":{"line":47,"column":9}},"22":{"start":{"line":46,"column":10},"end":{"line":46,"column":31}},"23":{"start":{"line":53,"column":53},"end":{"line":53,"column":56}},"24":{"start":{"line":55,"column":4},"end":{"line":57,"column":5}},"25":{"start":{"line":56,"column":6},"end":{"line":56,"column":81}},"26":{"start":{"line":59,"column":15},"end":{"line":59,"column":23}},"27":{"start":{"line":60,"column":4},"end":{"line":64,"column":6}},"28":{"start":{"line":67,"column":4},"end":{"line":67,"column":63}},"29":{"start":{"line":69,"column":4},"end":{"line":69,"column":38}},"30":{"start":{"line":73,"column":4},"end":{"line":126,"column":5}},"31":{"start":{"line":74,"column":6},"end":{"line":74,"column":60}},"32":{"start":{"line":76,"column":39},"end":{"line":79,"column":null}},"33":{"start":{"line":83,"column":34},"end":{"line":83,"column":191}},"34":{"start":{"line":84,"column":6},"end":{"line":98,"column":7}},"35":{"start":{"line":85,"column":8},"end":{"line":97,"column":9}},"36":{"start":{"line":86,"column":10},"end":{"line":96,"column":11}},"37":{"start":{"line":87,"column":28},"end":{"line":91,"column":21}},"38":{"start":{"line":92,"column":12},"end":{"line":95,"column":13}},"39":{"start":{"line":93,"column":14},"end":{"line":93,"column":117}},"40":{"start":{"line":94,"column":14},"end":{"line":94,"column":34}},"41":{"start":{"line":101,"column":6},"end":{"line":107,"column":7}},"42":{"start":{"line":101,"column":39},"end":{"line":101,"column":60}},"43":{"start":{"line":102,"column":8},"end":{"line":106,"column":11}},"44":{"start":{"line":110,"column":23},"end":{"line":110,"column":70}},"45":{"start":{"line":111,"column":6},"end":{"line":118,"column":8}},"46":{"start":{"line":120,"column":6},"end":{"line":120,"column":53}},"47":{"start":{"line":121,"column":6},"end":{"line":125,"column":8}},"48":{"start":{"line":130,"column":16},"end":{"line":130,"column":29}},"49":{"start":{"line":131,"column":4},"end":{"line":133,"column":5}},"50":{"start":{"line":132,"column":6},"end":{"line":132,"column":74}},"51":{"start":{"line":135,"column":65},"end":{"line":135,"column":68}},"52":{"start":{"line":136,"column":4},"end":{"line":140,"column":6}},"53":{"start":{"line":143,"column":4},"end":{"line":143,"column":82}},"54":{"start":{"line":145,"column":4},"end":{"line":145,"column":35}},"55":{"start":{"line":156,"column":21},"end":{"line":156,"column":59}},"56":{"start":{"line":157,"column":4},"end":{"line":157,"column":48}},"57":{"start":{"line":160,"column":25},"end":{"line":165,"column":null}},"58":{"start":{"line":168,"column":4},"end":{"line":226,"column":5}},"59":{"start":{"line":169,"column":28},"end":{"line":169,"column":66}},"60":{"start":{"line":170,"column":23},"end":{"line":170,"column":25}},"61":{"start":{"line":171,"column":20},"end":{"line":171,"column":21}},"62":{"start":{"line":172,"column":23},"end":{"line":172,"column":58}},"63":{"start":{"line":172,"column":50},"end":{"line":172,"column":57}},"64":{"start":{"line":173,"column":25},"end":{"line":173,"column":40}},"65":{"start":{"line":175,"column":6},"end":{"line":196,"column":7}},"66":{"start":{"line":175,"column":19},"end":{"line":175,"column":20}},"67":{"start":{"line":176,"column":21},"end":{"line":176,"column":32}},"68":{"start":{"line":177,"column":22},"end":{"line":177,"column":85}},"69":{"start":{"line":178,"column":24},"end":{"line":178,"column":66}},"70":{"start":{"line":180,"column":30},"end":{"line":182,"column":19}},"71":{"start":{"line":181,"column":57},"end":{"line":181,"column":63}},"72":{"start":{"line":183,"column":26},"end":{"line":183,"column":84}},"73":{"start":{"line":185,"column":8},"end":{"line":191,"column":10}},"74":{"start":{"line":193,"column":8},"end":{"line":193,"column":31}},"75":{"start":{"line":194,"column":8},"end":{"line":194,"column":18}},"76":{"start":{"line":195,"column":8},"end":{"line":195,"column":69}},"77":{"start":{"line":198,"column":6},"end":{"line":198,"column":64}},"78":{"start":{"line":199,"column":24},"end":{"line":199,"column":62}},"79":{"start":{"line":200,"column":6},"end":{"line":200,"column":80}},"80":{"start":{"line":203,"column":23},"end":{"line":203,"column":41}},"81":{"start":{"line":204,"column":6},"end":{"line":204,"column":60}},"82":{"start":{"line":207,"column":20},"end":{"line":207,"column":106}},"83":{"start":{"line":209,"column":6},"end":{"line":218,"column":8}},"84":{"start":{"line":214,"column":50},"end":{"line":214,"column":84}},"85":{"start":{"line":220,"column":6},"end":{"line":220,"column":52}},"86":{"start":{"line":221,"column":6},"end":{"line":225,"column":8}},"87":{"start":{"line":238,"column":4},"end":{"line":288,"column":7}},"88":{"start":{"line":240,"column":20},"end":{"line":252,"column":8}},"89":{"start":{"line":255,"column":6},"end":{"line":264,"column":7}},"90":{"start":{"line":256,"column":8},"end":{"line":263,"column":11}},"91":{"start":{"line":267,"column":22},"end":{"line":267,"column":23}},"92":{"start":{"line":268,"column":6},"end":{"line":285,"column":7}},"93":{"start":{"line":268,"column":20},"end":{"line":268,"column":21}},"94":{"start":{"line":269,"column":8},"end":{"line":284,"column":9}},"95":{"start":{"line":269,"column":22},"end":{"line":269,"column":23}},"96":{"start":{"line":270,"column":23},"end":{"line":270,"column":50}},"97":{"start":{"line":271,"column":28},"end":{"line":271,"column":74}},"98":{"start":{"line":272,"column":10},"end":{"line":282,"column":13}},"99":{"start":{"line":283,"column":10},"end":{"line":283,"column":22}},"100":{"start":{"line":287,"column":6},"end":{"line":287,"column":19}},"101":{"start":{"line":292,"column":71},"end":{"line":292,"column":74}},"102":{"start":{"line":294,"column":4},"end":{"line":296,"column":5}},"103":{"start":{"line":295,"column":6},"end":{"line":295,"column":83}},"104":{"start":{"line":298,"column":4},"end":{"line":322,"column":5}},"105":{"start":{"line":299,"column":23},"end":{"line":304,"column":8}},"106":{"start":{"line":306,"column":22},"end":{"line":306,"column":76}},"107":{"start":{"line":307,"column":6},"end":{"line":310,"column":9}},"108":{"start":{"line":312,"column":6},"end":{"line":318,"column":9}},"109":{"start":{"line":313,"column":8},"end":{"line":317,"column":9}},"110":{"start":{"line":314,"column":10},"end":{"line":314,"column":33}},"111":{"start":{"line":320,"column":6},"end":{"line":320,"column":43}},"112":{"start":{"line":321,"column":6},"end":{"line":321,"column":77}},"113":{"start":{"line":326,"column":16},"end":{"line":326,"column":29}},"114":{"start":{"line":327,"column":4},"end":{"line":329,"column":5}},"115":{"start":{"line":328,"column":6},"end":{"line":328,"column":46}},"116":{"start":{"line":330,"column":4},"end":{"line":330,"column":15}},"117":{"start":{"line":29,"column":13},"end":{"line":29,"column":30}},"118":{"start":{"line":29,"column":13},"end":{"line":332,"column":null}}},"fnMap":{"0":{"name":"(anonymous_2)","decl":{"start":{"line":34,"column":2},"end":{"line":34,"column":null}},"loc":{"start":{"line":39,"column":46},"end":{"line":50,"column":3}}},"1":{"name":"(anonymous_3)","decl":{"start":{"line":42,"column":16},"end":{"line":42,"column":19}},"loc":{"start":{"line":42,"column":21},"end":{"line":49,"column":5}}},"2":{"name":"(anonymous_4)","decl":{"start":{"line":52,"column":2},"end":{"line":52,"column":7}},"loc":{"start":{"line":52,"column":43},"end":{"line":70,"column":3}}},"3":{"name":"(anonymous_5)","decl":{"start":{"line":72,"column":10},"end":{"line":72,"column":15}},"loc":{"start":{"line":72,"column":97},"end":{"line":127,"column":3}}},"4":{"name":"(anonymous_6)","decl":{"start":{"line":101,"column":34},"end":{"line":101,"column":35}},"loc":{"start":{"line":101,"column":39},"end":{"line":101,"column":60}}},"5":{"name":"(anonymous_7)","decl":{"start":{"line":129,"column":2},"end":{"line":129,"column":7}},"loc":{"start":{"line":129,"column":32},"end":{"line":146,"column":3}}},"6":{"name":"(anonymous_8)","decl":{"start":{"line":148,"column":10},"end":{"line":148,"column":15}},"loc":{"start":{"line":154,"column":24},"end":{"line":227,"column":3}}},"7":{"name":"(anonymous_9)","decl":{"start":{"line":172,"column":45},"end":{"line":172,"column":46}},"loc":{"start":{"line":172,"column":50},"end":{"line":172,"column":57}}},"8":{"name":"(anonymous_10)","decl":{"start":{"line":181,"column":52},"end":{"line":181,"column":53}},"loc":{"start":{"line":181,"column":57},"end":{"line":181,"column":63}}},"9":{"name":"(anonymous_11)","decl":{"start":{"line":214,"column":44},"end":{"line":214,"column":45}},"loc":{"start":{"line":214,"column":50},"end":{"line":214,"column":84}}},"10":{"name":"(anonymous_12)","decl":{"start":{"line":229,"column":10},"end":{"line":229,"column":15}},"loc":{"start":{"line":236,"column":21},"end":{"line":289,"column":3}}},"11":{"name":"(anonymous_13)","decl":{"start":{"line":238,"column":36},"end":{"line":238,"column":41}},"loc":{"start":{"line":238,"column":49},"end":{"line":288,"column":5}}},"12":{"name":"(anonymous_14)","decl":{"start":{"line":291,"column":2},"end":{"line":291,"column":7}},"loc":{"start":{"line":291,"column":54},"end":{"line":323,"column":3}}},"13":{"name":"(anonymous_15)","decl":{"start":{"line":312,"column":28},"end":{"line":312,"column":31}},"loc":{"start":{"line":312,"column":33},"end":{"line":318,"column":7}}},"14":{"name":"(anonymous_16)","decl":{"start":{"line":325,"column":2},"end":{"line":325,"column":14}},"loc":{"start":{"line":325,"column":25},"end":{"line":331,"column":3}}}},"branchMap":{"0":{"loc":{"start":{"line":45,"column":8},"end":{"line":47,"column":9}},"type":"if","locations":[{"start":{"line":45,"column":8},"end":{"line":47,"column":9}}]},"1":{"loc":{"start":{"line":45,"column":12},"end":{"line":45,"column":69}},"type":"binary-expr","locations":[{"start":{"line":45,"column":12},"end":{"line":45,"column":27}},{"start":{"line":45,"column":31},"end":{"line":45,"column":69}}]},"2":{"loc":{"start":{"line":53,"column":20},"end":{"line":53,"column":36}},"type":"default-arg","locations":[{"start":{"line":53,"column":31},"end":{"line":53,"column":36}}]},"3":{"loc":{"start":{"line":55,"column":4},"end":{"line":57,"column":5}},"type":"if","locations":[{"start":{"line":55,"column":4},"end":{"line":57,"column":5}}]},"4":{"loc":{"start":{"line":86,"column":10},"end":{"line":96,"column":11}},"type":"if","locations":[{"start":{"line":86,"column":10},"end":{"line":96,"column":11}}]},"5":{"loc":{"start":{"line":92,"column":12},"end":{"line":95,"column":13}},"type":"if","locations":[{"start":{"line":92,"column":12},"end":{"line":95,"column":13}}]},"6":{"loc":{"start":{"line":92,"column":16},"end":{"line":92,"column":48}},"type":"binary-expr","locations":[{"start":{"line":92,"column":16},"end":{"line":92,"column":23}},{"start":{"line":92,"column":27},"end":{"line":92,"column":48}}]},"7":{"loc":{"start":{"line":101,"column":6},"end":{"line":107,"column":7}},"type":"if","locations":[{"start":{"line":101,"column":6},"end":{"line":107,"column":7}}]},"8":{"loc":{"start":{"line":131,"column":4},"end":{"line":133,"column":5}},"type":"if","locations":[{"start":{"line":131,"column":4},"end":{"line":133,"column":5}}]},"9":{"loc":{"start":{"line":131,"column":8},"end":{"line":131,"column":40}},"type":"binary-expr","locations":[{"start":{"line":131,"column":8},"end":{"line":131,"column":12}},{"start":{"line":131,"column":16},"end":{"line":131,"column":40}}]},"10":{"loc":{"start":{"line":162,"column":6},"end":{"line":162,"column":30}},"type":"binary-expr","locations":[{"start":{"line":162,"column":6},"end":{"line":162,"column":20}},{"start":{"line":162,"column":24},"end":{"line":162,"column":30}}]},"11":{"loc":{"start":{"line":177,"column":22},"end":{"line":177,"column":85}},"type":"binary-expr","locations":[{"start":{"line":177,"column":22},"end":{"line":177,"column":44}},{"start":{"line":177,"column":48},"end":{"line":177,"column":85}}]},"12":{"loc":{"start":{"line":180,"column":30},"end":{"line":182,"column":19}},"type":"cond-expr","locations":[{"start":{"line":181,"column":10},"end":{"line":181,"column":74}},{"start":{"line":182,"column":10},"end":{"line":182,"column":19}}]},"13":{"loc":{"start":{"line":183,"column":26},"end":{"line":183,"column":84}},"type":"cond-expr","locations":[{"start":{"line":183,"column":52},"end":{"line":183,"column":72}},{"start":{"line":183,"column":75},"end":{"line":183,"column":84}}]},"14":{"loc":{"start":{"line":204,"column":38},"end":{"line":204,"column":56}},"type":"binary-expr","locations":[{"start":{"line":204,"column":38},"end":{"line":204,"column":46}},{"start":{"line":204,"column":50},"end":{"line":204,"column":56}}]},"15":{"loc":{"start":{"line":245,"column":19},"end":{"line":245,"column":41}},"type":"binary-expr","locations":[{"start":{"line":245,"column":19},"end":{"line":245,"column":33}},{"start":{"line":245,"column":37},"end":{"line":245,"column":41}}]},"16":{"loc":{"start":{"line":249,"column":24},"end":{"line":249,"column":44}},"type":"binary-expr","locations":[{"start":{"line":249,"column":24},"end":{"line":249,"column":36}},{"start":{"line":249,"column":40},"end":{"line":249,"column":44}}]},"17":{"loc":{"start":{"line":250,"column":20},"end":{"line":250,"column":36}},"type":"binary-expr","locations":[{"start":{"line":250,"column":20},"end":{"line":250,"column":28}},{"start":{"line":250,"column":32},"end":{"line":250,"column":36}}]},"18":{"loc":{"start":{"line":261,"column":21},"end":{"line":261,"column":48}},"type":"binary-expr","locations":[{"start":{"line":261,"column":21},"end":{"line":261,"column":40}},{"start":{"line":261,"column":44},"end":{"line":261,"column":48}}]},"19":{"loc":{"start":{"line":294,"column":4},"end":{"line":296,"column":5}},"type":"if","locations":[{"start":{"line":294,"column":4},"end":{"line":296,"column":5}}]},"20":{"loc":{"start":{"line":294,"column":8},"end":{"line":294,"column":25}},"type":"binary-expr","locations":[{"start":{"line":294,"column":8},"end":{"line":294,"column":13}},{"start":{"line":294,"column":17},"end":{"line":294,"column":25}}]},"21":{"loc":{"start":{"line":300,"column":19},"end":{"line":300,"column":50}},"type":"binary-expr","locations":[{"start":{"line":300,"column":19},"end":{"line":300,"column":43}},{"start":{"line":300,"column":47},"end":{"line":300,"column":50}}]},"22":{"loc":{"start":{"line":301,"column":26},"end":{"line":301,"column":65}},"type":"binary-expr","locations":[{"start":{"line":301,"column":26},"end":{"line":301,"column":57}},{"start":{"line":301,"column":61},"end":{"line":301,"column":65}}]},"23":{"loc":{"start":{"line":302,"column":15},"end":{"line":302,"column":42}},"type":"binary-expr","locations":[{"start":{"line":302,"column":15},"end":{"line":302,"column":35}},{"start":{"line":302,"column":39},"end":{"line":302,"column":42}}]},"24":{"loc":{"start":{"line":303,"column":27},"end":{"line":303,"column":68}},"type":"binary-expr","locations":[{"start":{"line":303,"column":27},"end":{"line":303,"column":59}},{"start":{"line":303,"column":63},"end":{"line":303,"column":68}}]},"25":{"loc":{"start":{"line":327,"column":4},"end":{"line":329,"column":5}},"type":"if","locations":[{"start":{"line":327,"column":4},"end":{"line":329,"column":5}}]}},"s":{"0":5,"1":5,"2":5,"3":5,"4":5,"5":5,"6":5,"7":5,"8":5,"9":5,"10":30,"11":30,"12":30,"13":30,"14":30,"15":30,"16":30,"17":30,"18":30,"19":0,"20":0,"21":0,"22":0,"23":19,"24":19,"25":1,"26":18,"27":18,"28":18,"29":18,"30":18,"31":18,"32":18,"33":16,"34":16,"35":16,"36":33,"37":17,"38":17,"39":2,"40":2,"41":16,"42":16,"43":1,"44":16,"45":16,"46":2,"47":2,"48":7,"49":7,"50":2,"51":5,"52":5,"53":5,"54":5,"55":5,"56":5,"57":5,"58":5,"59":5,"60":5,"61":5,"62":5,"63":5,"64":5,"65":5,"66":5,"67":9,"68":9,"69":9,"70":9,"71":4,"72":9,"73":9,"74":8,"75":8,"76":8,"77":4,"78":4,"79":4,"80":4,"81":4,"82":4,"83":4,"84":8,"85":1,"86":1,"87":4,"88":3,"89":3,"90":6,"91":3,"92":3,"93":3,"94":3,"95":3,"96":6,"97":6,"98":6,"99":6,"100":3,"101":7,"102":7,"103":2,"104":5,"105":5,"106":5,"107":5,"108":4,"109":1,"110":1,"111":1,"112":1,"113":15,"114":15,"115":2,"116":13,"117":5,"118":5},"f":{"0":30,"1":0,"2":19,"3":18,"4":16,"5":7,"6":5,"7":5,"8":4,"9":8,"10":4,"11":3,"12":7,"13":1,"14":15},"b":{"0":[0],"1":[0,0],"2":[17],"3":[1],"4":[17],"5":[2],"6":[17,17],"7":[1],"8":[2],"9":[7,6],"10":[5,0],"11":[9,0],"12":[4,5],"13":[5,4],"14":[4,1],"15":[3,0],"16":[3,0],"17":[3,0],"18":[6,0],"19":[2],"20":[7,6],"21":[5,4],"22":[5,4],"23":[5,4],"24":[5,4],"25":[2]}}
,"/root/.openclaw/workspace/fablino/backend-nest/src/modules/generation/status.controller.ts": {"path":"/root/.openclaw/workspace/fablino/backend-nest/src/modules/generation/status.controller.ts","statementMap":{"0":{"start":{"line":1,"column":0},"end":{"line":1,"column":56}},"1":{"start":{"line":2,"column":0},"end":{"line":2,"column":62}},"2":{"start":{"line":5,"column":7},"end":{"line":12,"column":null}},"3":{"start":{"line":6,"column":31},"end":{"line":6,"column":50}},"4":{"start":{"line":10,"column":4},"end":{"line":10,"column":51}},"5":{"start":{"line":5,"column":13},"end":{"line":5,"column":29}},"6":{"start":{"line":9,"column":8},"end":{"line":11,"column":null}},"7":{"start":{"line":5,"column":13},"end":{"line":12,"column":null}}},"fnMap":{"0":{"name":"(anonymous_4)","decl":{"start":{"line":6,"column":2},"end":{"line":6,"column":31}},"loc":{"start":{"line":6,"column":67},"end":{"line":6,"column":71}}},"1":{"name":"(anonymous_5)","decl":{"start":{"line":9,"column":2},"end":{"line":9,"column":7}},"loc":{"start":{"line":9,"column":44},"end":{"line":11,"column":3}}}},"branchMap":{},"s":{"0":3,"1":3,"2":3,"3":8,"4":13,"5":3,"6":3,"7":3},"f":{"0":8,"1":13},"b":{}}
,"/root/.openclaw/workspace/fablino/backend-nest/src/modules/prisma/prisma.module.ts": {"path":"/root/.openclaw/workspace/fablino/backend-nest/src/modules/prisma/prisma.module.ts","statementMap":{"0":{"start":{"line":1,"column":0},"end":{"line":1,"column":48}},"1":{"start":{"line":2,"column":0},"end":{"line":2,"column":49}},"2":{"start":{"line":9,"column":7},"end":{"line":9,"column":null}},"3":{"start":{"line":9,"column":13},"end":{"line":9,"column":25}},"4":{"start":{"line":9,"column":13},"end":{"line":9,"column":null}}},"fnMap":{},"branchMap":{},"s":{"0":2,"1":2,"2":2,"3":2,"4":2},"f":{},"b":{}}
,"/root/.openclaw/workspace/fablino/backend-nest/src/modules/prisma/prisma.service.ts": {"path":"/root/.openclaw/workspace/fablino/backend-nest/src/modules/prisma/prisma.service.ts","statementMap":{"0":{"start":{"line":1,"column":0},"end":{"line":1,"column":58}},"1":{"start":{"line":2,"column":0},"end":{"line":2,"column":46}},"2":{"start":{"line":5,"column":7},"end":{"line":9,"column":null}},"3":{"start":{"line":7,"column":4},"end":{"line":7,"column":26}},"4":{"start":{"line":5,"column":13},"end":{"line":5,"column":26}},"5":{"start":{"line":5,"column":13},"end":{"line":9,"column":null}}},"fnMap":{"0":{"name":"(anonymous_1)","decl":{"start":{"line":6,"column":2},"end":{"line":6,"column":7}},"loc":{"start":{"line":6,"column":20},"end":{"line":8,"column":3}}}},"branchMap":{},"s":{"0":13,"1":13,"2":13,"3":0,"4":13,"5":13},"f":{"0":0},"b":{}}
,"/root/.openclaw/workspace/fablino/backend-nest/src/modules/sharing/sharing.controller.ts": {"path":"/root/.openclaw/workspace/fablino/backend-nest/src/modules/sharing/sharing.controller.ts","statementMap":{"0":{"start":{"line":1,"column":0},"end":{"line":1,"column":73}},"1":{"start":{"line":2,"column":0},"end":{"line":2,"column":51}},"2":{"start":{"line":6,"column":7},"end":{"line":28,"column":null}},"3":{"start":{"line":7,"column":31},"end":{"line":7,"column":47}},"4":{"start":{"line":11,"column":4},"end":{"line":11,"column":52}},"5":{"start":{"line":16,"column":4},"end":{"line":16,"column":52}},"6":{"start":{"line":21,"column":4},"end":{"line":21,"column":52}},"7":{"start":{"line":26,"column":4},"end":{"line":26,"column":60}},"8":{"start":{"line":6,"column":13},"end":{"line":6,"column":30}},"9":{"start":{"line":10,"column":8},"end":{"line":12,"column":null}},"10":{"start":{"line":15,"column":8},"end":{"line":17,"column":null}},"11":{"start":{"line":20,"column":8},"end":{"line":22,"column":null}},"12":{"start":{"line":25,"column":8},"end":{"line":27,"column":null}},"13":{"start":{"line":6,"column":13},"end":{"line":28,"column":null}}},"fnMap":{"0":{"name":"(anonymous_4)","decl":{"start":{"line":7,"column":2},"end":{"line":7,"column":31}},"loc":{"start":{"line":7,"column":61},"end":{"line":7,"column":65}}},"1":{"name":"(anonymous_5)","decl":{"start":{"line":10,"column":2},"end":{"line":10,"column":7}},"loc":{"start":{"line":10,"column":64},"end":{"line":12,"column":3}}},"2":{"name":"(anonymous_6)","decl":{"start":{"line":15,"column":2},"end":{"line":15,"column":7}},"loc":{"start":{"line":15,"column":61},"end":{"line":17,"column":3}}},"3":{"name":"(anonymous_7)","decl":{"start":{"line":20,"column":2},"end":{"line":20,"column":7}},"loc":{"start":{"line":20,"column":69},"end":{"line":22,"column":3}}},"4":{"name":"(anonymous_8)","decl":{"start":{"line":25,"column":2},"end":{"line":25,"column":7}},"loc":{"start":{"line":25,"column":71},"end":{"line":27,"column":3}}}},"branchMap":{},"s":{"0":3,"1":3,"2":3,"3":14,"4":10,"5":4,"6":3,"7":7,"8":3,"9":3,"10":3,"11":3,"12":3,"13":3},"f":{"0":14,"1":10,"2":4,"3":3,"4":7},"b":{}}
,"/root/.openclaw/workspace/fablino/backend-nest/src/modules/sharing/sharing.module.ts": {"path":"/root/.openclaw/workspace/fablino/backend-nest/src/modules/sharing/sharing.module.ts","statementMap":{"0":{"start":{"line":1,"column":0},"end":{"line":1,"column":40}},"1":{"start":{"line":2,"column":0},"end":{"line":2,"column":57}},"2":{"start":{"line":3,"column":0},"end":{"line":3,"column":51}},"3":{"start":{"line":10,"column":7},"end":{"line":10,"column":null}},"4":{"start":{"line":10,"column":13},"end":{"line":10,"column":26}},"5":{"start":{"line":10,"column":13},"end":{"line":10,"column":null}}},"fnMap":{},"branchMap":{},"s":{"0":2,"1":2,"2":2,"3":2,"4":2,"5":2},"f":{},"b":{}}
,"/root/.openclaw/workspace/fablino/backend-nest/src/modules/sharing/sharing.service.ts": {"path":"/root/.openclaw/workspace/fablino/backend-nest/src/modules/sharing/sharing.service.ts","statementMap":{"0":{"start":{"line":1,"column":0},"end":{"line":1,"column":56}},"1":{"start":{"line":2,"column":0},"end":{"line":2,"column":57}},"2":{"start":{"line":4,"column":0},"end":{"line":4,"column":29}},"3":{"start":{"line":7,"column":7},"end":{"line":92,"column":null}},"4":{"start":{"line":8,"column":22},"end":{"line":8,"column":30}},"5":{"start":{"line":11,"column":4},"end":{"line":66,"column":5}},"6":{"start":{"line":12,"column":20},"end":{"line":19,"column":8}},"7":{"start":{"line":21,"column":6},"end":{"line":24,"column":7}},"8":{"start":{"line":22,"column":8},"end":{"line":22,"column":84}},"9":{"start":{"line":23,"column":8},"end":{"line":23,"column":15}},"10":{"start":{"line":26,"column":24},"end":{"line":26,"column":68}},"11":{"start":{"line":26,"column":50},"end":{"line":26,"column":56}},"12":{"start":{"line":27,"column":22},"end":{"line":27,"column":87}},"13":{"start":{"line":28,"column":19},"end":{"line":28,"column":26}},"14":{"start":{"line":29,"column":23},"end":{"line":29,"column":61}},"15":{"start":{"line":32,"column":22},"end":{"line":34,"column":39}},"16":{"start":{"line":35,"column":26},"end":{"line":35,"column":76}},"17":{"start":{"line":38,"column":18},"end":{"line":38,"column":125}},"18":{"start":{"line":38,"column":33},"end":{"line":38,"column":125}},"19":{"start":{"line":40,"column":6},"end":{"line":40,"column":64}},"20":{"start":{"line":41,"column":6},"end":{"line":62,"column":10}},"21":{"start":{"line":64,"column":6},"end":{"line":64,"column":43}},"22":{"start":{"line":65,"column":6},"end":{"line":65,"column":75}},"23":{"start":{"line":71,"column":23},"end":{"line":71,"column":60}},"24":{"start":{"line":73,"column":4},"end":{"line":73,"column":62}},"25":{"start":{"line":74,"column":4},"end":{"line":90,"column":10}},"26":{"start":{"line":7,"column":13},"end":{"line":7,"column":27}},"27":{"start":{"line":7,"column":13},"end":{"line":92,"column":null}}},"fnMap":{"0":{"name":"(anonymous_2)","decl":{"start":{"line":8,"column":2},"end":{"line":8,"column":22}},"loc":{"start":{"line":8,"column":43},"end":{"line":8,"column":47}}},"1":{"name":"(anonymous_3)","decl":{"start":{"line":10,"column":2},"end":{"line":10,"column":7}},"loc":{"start":{"line":10,"column":50},"end":{"line":67,"column":3}}},"2":{"name":"(anonymous_4)","decl":{"start":{"line":26,"column":45},"end":{"line":26,"column":46}},"loc":{"start":{"line":26,"column":50},"end":{"line":26,"column":56}}},"3":{"name":"(anonymous_5)","decl":{"start":{"line":38,"column":18},"end":{"line":38,"column":19}},"loc":{"start":{"line":38,"column":33},"end":{"line":38,"column":125}}},"4":{"name":"(anonymous_6)","decl":{"start":{"line":69,"column":2},"end":{"line":69,"column":18}},"loc":{"start":{"line":69,"column":47},"end":{"line":91,"column":3}}}},"branchMap":{"0":{"loc":{"start":{"line":21,"column":6},"end":{"line":24,"column":7}},"type":"if","locations":[{"start":{"line":21,"column":6},"end":{"line":24,"column":7}}]},"1":{"loc":{"start":{"line":27,"column":22},"end":{"line":27,"column":87}},"type":"binary-expr","locations":[{"start":{"line":27,"column":22},"end":{"line":27,"column":35}},{"start":{"line":27,"column":39},"end":{"line":27,"column":87}}]},"2":{"loc":{"start":{"line":32,"column":22},"end":{"line":34,"column":39}},"type":"cond-expr","locations":[{"start":{"line":33,"column":10},"end":{"line":33,"column":110}},{"start":{"line":34,"column":10},"end":{"line":34,"column":39}}]},"3":{"loc":{"start":{"line":35,"column":26},"end":{"line":35,"column":76}},"type":"cond-expr","locations":[{"start":{"line":35,"column":43},"end":{"line":35,"column":64}},{"start":{"line":35,"column":67},"end":{"line":35,"column":76}}]}},"s":{"0":4,"1":4,"2":4,"3":4,"4":20,"5":14,"6":14,"7":13,"8":1,"9":1,"10":12,"11":36,"12":12,"13":12,"14":12,"15":12,"16":12,"17":12,"18":60,"19":12,"20":12,"21":1,"22":1,"23":8,"24":8,"25":8,"26":4,"27":4},"f":{"0":20,"1":14,"2":36,"3":60,"4":8},"b":{"0":[1],"1":[12,1],"2":[11,1],"3":[11,1]}}
,"/root/.openclaw/workspace/fablino/backend-nest/src/modules/stories/stories.controller.ts": {"path":"/root/.openclaw/workspace/fablino/backend-nest/src/modules/stories/stories.controller.ts","statementMap":{"0":{"start":{"line":1,"column":0},"end":{"line":1,"column":106}},"1":{"start":{"line":2,"column":0},"end":{"line":2,"column":51}},"2":{"start":{"line":3,"column":0},"end":{"line":3,"column":72}},"3":{"start":{"line":6,"column":7},"end":{"line":35,"column":null}},"4":{"start":{"line":7,"column":31},"end":{"line":7,"column":47}},"5":{"start":{"line":11,"column":20},"end":{"line":11,"column":34}},"6":{"start":{"line":12,"column":4},"end":{"line":12,"column":51}},"7":{"start":{"line":17,"column":4},"end":{"line":17,"column":44}},"8":{"start":{"line":22,"column":4},"end":{"line":22,"column":64}},"9":{"start":{"line":27,"column":4},"end":{"line":27,"column":73}},"10":{"start":{"line":33,"column":4},"end":{"line":33,"column":47}},"11":{"start":{"line":6,"column":13},"end":{"line":6,"column":30}},"12":{"start":{"line":10,"column":8},"end":{"line":13,"column":null}},"13":{"start":{"line":16,"column":8},"end":{"line":18,"column":null}},"14":{"start":{"line":21,"column":8},"end":{"line":23,"column":null}},"15":{"start":{"line":26,"column":8},"end":{"line":28,"column":null}},"16":{"start":{"line":32,"column":8},"end":{"line":34,"column":null}},"17":{"start":{"line":6,"column":13},"end":{"line":35,"column":null}}},"fnMap":{"0":{"name":"(anonymous_4)","decl":{"start":{"line":7,"column":2},"end":{"line":7,"column":31}},"loc":{"start":{"line":7,"column":61},"end":{"line":7,"column":65}}},"1":{"name":"(anonymous_5)","decl":{"start":{"line":10,"column":2},"end":{"line":10,"column":7}},"loc":{"start":{"line":10,"column":45},"end":{"line":13,"column":3}}},"2":{"name":"(anonymous_6)","decl":{"start":{"line":16,"column":2},"end":{"line":16,"column":7}},"loc":{"start":{"line":16,"column":40},"end":{"line":18,"column":3}}},"3":{"name":"(anonymous_7)","decl":{"start":{"line":21,"column":2},"end":{"line":21,"column":7}},"loc":{"start":{"line":21,"column":78},"end":{"line":23,"column":3}}},"4":{"name":"(anonymous_8)","decl":{"start":{"line":26,"column":2},"end":{"line":26,"column":7}},"loc":{"start":{"line":26,"column":68},"end":{"line":28,"column":3}}},"5":{"name":"(anonymous_9)","decl":{"start":{"line":32,"column":2},"end":{"line":32,"column":7}},"loc":{"start":{"line":32,"column":43},"end":{"line":34,"column":3}}}},"branchMap":{},"s":{"0":3,"1":3,"2":3,"3":3,"4":15,"5":4,"6":4,"7":2,"8":2,"9":2,"10":2,"11":3,"12":3,"13":3,"14":3,"15":3,"16":3,"17":3},"f":{"0":15,"1":4,"2":2,"3":2,"4":2,"5":2},"b":{}}
,"/root/.openclaw/workspace/fablino/backend-nest/src/modules/stories/stories.module.ts": {"path":"/root/.openclaw/workspace/fablino/backend-nest/src/modules/stories/stories.module.ts","statementMap":{"0":{"start":{"line":1,"column":0},"end":{"line":1,"column":40}},"1":{"start":{"line":2,"column":0},"end":{"line":2,"column":57}},"2":{"start":{"line":3,"column":0},"end":{"line":3,"column":51}},"3":{"start":{"line":4,"column":0},"end":{"line":4,"column":56}},"4":{"start":{"line":5,"column":0},"end":{"line":5,"column":60}},"5":{"start":{"line":12,"column":7},"end":{"line":12,"column":null}},"6":{"start":{"line":12,"column":13},"end":{"line":12,"column":26}},"7":{"start":{"line":12,"column":13},"end":{"line":12,"column":null}}},"fnMap":{},"branchMap":{},"s":{"0":2,"1":2,"2":2,"3":2,"4":2,"5":2,"6":2,"7":2},"f":{},"b":{}}
,"/root/.openclaw/workspace/fablino/backend-nest/src/modules/stories/stories.service.ts": {"path":"/root/.openclaw/workspace/fablino/backend-nest/src/modules/stories/stories.service.ts","statementMap":{"0":{"start":{"line":1,"column":0},"end":{"line":1,"column":90}},"1":{"start":{"line":2,"column":0},"end":{"line":2,"column":57}},"2":{"start":{"line":3,"column":0},"end":{"line":3,"column":56}},"3":{"start":{"line":4,"column":0},"end":{"line":4,"column":60}},"4":{"start":{"line":5,"column":0},"end":{"line":5,"column":25}},"5":{"start":{"line":6,"column":0},"end":{"line":6,"column":29}},"6":{"start":{"line":9,"column":7},"end":{"line":235,"column":null}},"7":{"start":{"line":13,"column":12},"end":{"line":13,"column":20}},"8":{"start":{"line":14,"column":12},"end":{"line":14,"column":24}},"9":{"start":{"line":15,"column":12},"end":{"line":15,"column":26}},"10":{"start":{"line":10,"column":19},"end":{"line":10,"column":56}},"11":{"start":{"line":19,"column":20},"end":{"line":32,"column":6}},"12":{"start":{"line":34,"column":29},"end":{"line":58,"column":6}},"13":{"start":{"line":35,"column":25},"end":{"line":38,"column":9}},"14":{"start":{"line":35,"column":52},"end":{"line":38,"column":8}},"15":{"start":{"line":40,"column":23},"end":{"line":40,"column":25}},"16":{"start":{"line":41,"column":6},"end":{"line":43,"column":7}},"17":{"start":{"line":42,"column":8},"end":{"line":42,"column":49}},"18":{"start":{"line":42,"column":20},"end":{"line":42,"column":49}},"19":{"start":{"line":45,"column":6},"end":{"line":57,"column":8}},"20":{"start":{"line":60,"column":4},"end":{"line":60,"column":81}},"21":{"start":{"line":60,"column":69},"end":{"line":60,"column":79}},"22":{"start":{"line":64,"column":18},"end":{"line":81,"column":6}},"23":{"start":{"line":83,"column":4},"end":{"line":85,"column":5}},"24":{"start":{"line":84,"column":6},"end":{"line":84,"column":58}},"25":{"start":{"line":87,"column":23},"end":{"line":90,"column":7}},"26":{"start":{"line":87,"column":50},"end":{"line":90,"column":6}},"27":{"start":{"line":92,"column":21},"end":{"line":92,"column":23}},"28":{"start":{"line":93,"column":4},"end":{"line":95,"column":5}},"29":{"start":{"line":94,"column":6},"end":{"line":94,"column":47}},"30":{"start":{"line":94,"column":18},"end":{"line":94,"column":47}},"31":{"start":{"line":97,"column":4},"end":{"line":109,"column":6}},"32":{"start":{"line":113,"column":4},"end":{"line":122,"column":5}},"33":{"start":{"line":114,"column":6},"end":{"line":117,"column":9}},"34":{"start":{"line":119,"column":6},"end":{"line":119,"column":40}},"35":{"start":{"line":121,"column":6},"end":{"line":121,"column":76}},"36":{"start":{"line":126,"column":4},"end":{"line":128,"column":5}},"37":{"start":{"line":127,"column":6},"end":{"line":127,"column":88}},"38":{"start":{"line":130,"column":4},"end":{"line":220,"column":5}},"39":{"start":{"line":132,"column":20},"end":{"line":134,"column":8}},"40":{"start":{"line":136,"column":6},"end":{"line":138,"column":7}},"41":{"start":{"line":137,"column":8},"end":{"line":137,"column":60}},"42":{"start":{"line":141,"column":27},"end":{"line":147,"column":8}},"43":{"start":{"line":149,"column":6},"end":{"line":151,"column":7}},"44":{"start":{"line":150,"column":8},"end":{"line":150,"column":64}},"45":{"start":{"line":154,"column":23},"end":{"line":160,"column":8}},"46":{"start":{"line":162,"column":6},"end":{"line":164,"column":7}},"47":{"start":{"line":163,"column":8},"end":{"line":163,"column":79}},"48":{"start":{"line":166,"column":28},"end":{"line":166,"column":66}},"49":{"start":{"line":167,"column":23},"end":{"line":167,"column":66}},"50":{"start":{"line":168,"column":6},"end":{"line":168,"column":50}},"51":{"start":{"line":171,"column":22},"end":{"line":171,"column":23}},"52":{"start":{"line":172,"column":6},"end":{"line":196,"column":7}},"53":{"start":{"line":172,"column":19},"end":{"line":172,"column":20}},"54":{"start":{"line":173,"column":21},"end":{"line":173,"column":32}},"55":{"start":{"line":174,"column":25},"end":{"line":174,"column":69}},"56":{"start":{"line":176,"column":8},"end":{"line":194,"column":9}},"57":{"start":{"line":177,"column":32},"end":{"line":179,"column":21}},"58":{"start":{"line":178,"column":59},"end":{"line":178,"column":65}},"59":{"start":{"line":180,"column":28},"end":{"line":180,"column":86}},"60":{"start":{"line":182,"column":10},"end":{"line":188,"column":12}},"61":{"start":{"line":190,"column":10},"end":{"line":193,"column":13}},"62":{"start":{"line":195,"column":8},"end":{"line":195,"column":20}},"63":{"start":{"line":199,"column":23},"end":{"line":199,"column":25}},"64":{"start":{"line":200,"column":6},"end":{"line":205,"column":7}},"65":{"start":{"line":200,"column":19},"end":{"line":200,"column":20}},"66":{"start":{"line":201,"column":18},"end":{"line":201,"column":54}},"67":{"start":{"line":202,"column":8},"end":{"line":204,"column":9}},"68":{"start":{"line":203,"column":10},"end":{"line":203,"column":27}},"69":{"start":{"line":207,"column":6},"end":{"line":210,"column":7}},"70":{"start":{"line":208,"column":26},"end":{"line":208,"column":69}},"71":{"start":{"line":209,"column":8},"end":{"line":209,"column":82}},"72":{"start":{"line":212,"column":31},"end":{"line":212,"column":83}},"73":{"start":{"line":212,"column":52},"end":{"line":212,"column":75}},"74":{"start":{"line":213,"column":6},"end":{"line":213,"column":68}},"75":{"start":{"line":215,"column":6},"end":{"line":217,"column":7}},"76":{"start":{"line":216,"column":8},"end":{"line":216,"column":20}},"77":{"start":{"line":218,"column":6},"end":{"line":218,"column":50}},"78":{"start":{"line":219,"column":6},"end":{"line":219,"column":79}},"79":{"start":{"line":224,"column":4},"end":{"line":233,"column":5}},"80":{"start":{"line":226,"column":6},"end":{"line":228,"column":9}},"81":{"start":{"line":230,"column":6},"end":{"line":230,"column":30}},"82":{"start":{"line":232,"column":6},"end":{"line":232,"column":76}},"83":{"start":{"line":9,"column":13},"end":{"line":9,"column":27}},"84":{"start":{"line":9,"column":13},"end":{"line":235,"column":null}}},"fnMap":{"0":{"name":"(anonymous_2)","decl":{"start":{"line":12,"column":2},"end":{"line":12,"column":null}},"loc":{"start":{"line":15,"column":38},"end":{"line":16,"column":6}}},"1":{"name":"(anonymous_3)","decl":{"start":{"line":18,"column":2},"end":{"line":18,"column":7}},"loc":{"start":{"line":18,"column":43},"end":{"line":61,"column":3}}},"2":{"name":"(anonymous_4)","decl":{"start":{"line":34,"column":41},"end":{"line":34,"column":46}},"loc":{"start":{"line":34,"column":49},"end":{"line":58,"column":5}}},"3":{"name":"(anonymous_5)","decl":{"start":{"line":35,"column":46},"end":{"line":35,"column":47}},"loc":{"start":{"line":35,"column":52},"end":{"line":38,"column":8}}},"4":{"name":"(anonymous_6)","decl":{"start":{"line":60,"column":64},"end":{"line":60,"column":65}},"loc":{"start":{"line":60,"column":69},"end":{"line":60,"column":79}}},"5":{"name":"(anonymous_7)","decl":{"start":{"line":63,"column":2},"end":{"line":63,"column":7}},"loc":{"start":{"line":63,"column":27},"end":{"line":110,"column":3}}},"6":{"name":"(anonymous_8)","decl":{"start":{"line":87,"column":44},"end":{"line":87,"column":45}},"loc":{"start":{"line":87,"column":50},"end":{"line":90,"column":6}}},"7":{"name":"(anonymous_9)","decl":{"start":{"line":112,"column":2},"end":{"line":112,"column":7}},"loc":{"start":{"line":112,"column":52},"end":{"line":123,"column":3}}},"8":{"name":"(anonymous_10)","decl":{"start":{"line":125,"column":2},"end":{"line":125,"column":7}},"loc":{"start":{"line":125,"column":69},"end":{"line":221,"column":3}}},"9":{"name":"(anonymous_11)","decl":{"start":{"line":178,"column":54},"end":{"line":178,"column":55}},"loc":{"start":{"line":178,"column":59},"end":{"line":178,"column":65}}},"10":{"name":"(anonymous_12)","decl":{"start":{"line":212,"column":47},"end":{"line":212,"column":48}},"loc":{"start":{"line":212,"column":52},"end":{"line":212,"column":75}}},"11":{"name":"(anonymous_13)","decl":{"start":{"line":223,"column":2},"end":{"line":223,"column":7}},"loc":{"start":{"line":223,"column":30},"end":{"line":234,"column":3}}}},"branchMap":{"0":{"loc":{"start":{"line":18,"column":19},"end":{"line":18,"column":43}},"type":"default-arg","locations":[{"start":{"line":18,"column":38},"end":{"line":18,"column":43}}]},"1":{"loc":{"start":{"line":42,"column":8},"end":{"line":42,"column":49}},"type":"if","locations":[{"start":{"line":42,"column":8},"end":{"line":42,"column":49}}]},"2":{"loc":{"start":{"line":55,"column":18},"end":{"line":55,"column":67}},"type":"cond-expr","locations":[{"start":{"line":55,"column":36},"end":{"line":55,"column":60}},{"start":{"line":55,"column":63},"end":{"line":55,"column":67}}]},"3":{"loc":{"start":{"line":56,"column":18},"end":{"line":56,"column":40}},"type":"binary-expr","locations":[{"start":{"line":56,"column":18},"end":{"line":56,"column":32}},{"start":{"line":56,"column":36},"end":{"line":56,"column":40}}]},"4":{"loc":{"start":{"line":60,"column":11},"end":{"line":60,"column":80}},"type":"cond-expr","locations":[{"start":{"line":60,"column":21},"end":{"line":60,"column":37}},{"start":{"line":60,"column":40},"end":{"line":60,"column":80}}]},"5":{"loc":{"start":{"line":83,"column":4},"end":{"line":85,"column":5}},"type":"if","locations":[{"start":{"line":83,"column":4},"end":{"line":85,"column":5}}]},"6":{"loc":{"start":{"line":94,"column":6},"end":{"line":94,"column":47}},"type":"if","locations":[{"start":{"line":94,"column":6},"end":{"line":94,"column":47}}]},"7":{"loc":{"start":{"line":106,"column":16},"end":{"line":106,"column":65}},"type":"cond-expr","locations":[{"start":{"line":106,"column":34},"end":{"line":106,"column":58}},{"start":{"line":106,"column":61},"end":{"line":106,"column":65}}]},"8":{"loc":{"start":{"line":107,"column":16},"end":{"line":107,"column":38}},"type":"binary-expr","locations":[{"start":{"line":107,"column":16},"end":{"line":107,"column":30}},{"start":{"line":107,"column":34},"end":{"line":107,"column":38}}]},"9":{"loc":{"start":{"line":126,"column":4},"end":{"line":128,"column":5}},"type":"if","locations":[{"start":{"line":126,"column":4},"end":{"line":128,"column":5}}]},"10":{"loc":{"start":{"line":126,"column":8},"end":{"line":126,"column":30}},"type":"binary-expr","locations":[{"start":{"line":126,"column":8},"end":{"line":126,"column":18}},{"start":{"line":126,"column":22},"end":{"line":126,"column":30}}]},"11":{"loc":{"start":{"line":136,"column":6},"end":{"line":138,"column":7}},"type":"if","locations":[{"start":{"line":136,"column":6},"end":{"line":138,"column":7}}]},"12":{"loc":{"start":{"line":149,"column":6},"end":{"line":151,"column":7}},"type":"if","locations":[{"start":{"line":149,"column":6},"end":{"line":151,"column":7}}]},"13":{"loc":{"start":{"line":162,"column":6},"end":{"line":164,"column":7}},"type":"if","locations":[{"start":{"line":162,"column":6},"end":{"line":164,"column":7}}]},"14":{"loc":{"start":{"line":176,"column":8},"end":{"line":194,"column":9}},"type":"if","locations":[{"start":{"line":176,"column":8},"end":{"line":194,"column":9}}]},"15":{"loc":{"start":{"line":177,"column":32},"end":{"line":179,"column":21}},"type":"cond-expr","locations":[{"start":{"line":178,"column":12},"end":{"line":178,"column":76}},{"start":{"line":179,"column":12},"end":{"line":179,"column":21}}]},"16":{"loc":{"start":{"line":180,"column":28},"end":{"line":180,"column":86}},"type":"cond-expr","locations":[{"start":{"line":180,"column":54},"end":{"line":180,"column":74}},{"start":{"line":180,"column":77},"end":{"line":180,"column":86}}]},"17":{"loc":{"start":{"line":202,"column":8},"end":{"line":204,"column":9}},"type":"if","locations":[{"start":{"line":202,"column":8},"end":{"line":204,"column":9}}]},"18":{"loc":{"start":{"line":207,"column":6},"end":{"line":210,"column":7}},"type":"if","locations":[{"start":{"line":207,"column":6},"end":{"line":210,"column":7}}]},"19":{"loc":{"start":{"line":215,"column":6},"end":{"line":217,"column":7}},"type":"if","locations":[{"start":{"line":215,"column":6},"end":{"line":217,"column":7}}]},"20":{"loc":{"start":{"line":215,"column":10},"end":{"line":215,"column":78}},"type":"binary-expr","locations":[{"start":{"line":215,"column":10},"end":{"line":215,"column":44}},{"start":{"line":215,"column":48},"end":{"line":215,"column":78}}]}},"s":{"0":4,"1":4,"2":4,"3":4,"4":4,"5":4,"6":4,"7":20,"8":20,"9":20,"10":20,"11":4,"12":3,"13":4,"14":4,"15":4,"16":4,"17":4,"18":4,"19":4,"20":3,"21":2,"22":2,"23":2,"24":1,"25":1,"26":1,"27":1,"28":1,"29":1,"30":1,"31":1,"32":3,"33":3,"34":2,"35":1,"36":7,"37":2,"38":5,"39":5,"40":5,"41":1,"42":4,"43":4,"44":1,"45":3,"46":3,"47":1,"48":2,"49":2,"50":2,"51":2,"52":2,"53":2,"54":6,"55":6,"56":6,"57":3,"58":4,"59":3,"60":3,"61":2,"62":5,"63":1,"64":1,"65":1,"66":4,"67":4,"68":4,"69":1,"70":1,"71":1,"72":1,"73":4,"74":1,"75":3,"76":2,"77":1,"78":1,"79":2,"80":2,"81":1,"82":1,"83":4,"84":4},"f":{"0":20,"1":4,"2":4,"3":4,"4":2,"5":2,"6":1,"7":3,"8":7,"9":4,"10":4,"11":2},"b":{"0":[2],"1":[4],"2":[2,2],"3":[4,2],"4":[1,2],"5":[1],"6":[1],"7":[1,0],"8":[1,0],"9":[2],"10":[7,6],"11":[1],"12":[1],"13":[1],"14":[3],"15":[3,0],"16":[3,0],"17":[4],"18":[1],"19":[2],"20":[3,1]}}
,"/root/.openclaw/workspace/fablino/backend-nest/src/modules/voices/voices.controller.ts": {"path":"/root/.openclaw/workspace/fablino/backend-nest/src/modules/voices/voices.controller.ts","statementMap":{"0":{"start":{"line":1,"column":0},"end":{"line":1,"column":49}},"1":{"start":{"line":2,"column":0},"end":{"line":2,"column":49}},"2":{"start":{"line":5,"column":7},"end":{"line":12,"column":null}},"3":{"start":{"line":6,"column":31},"end":{"line":6,"column":46}},"4":{"start":{"line":10,"column":4},"end":{"line":10,"column":42}},"5":{"start":{"line":5,"column":13},"end":{"line":5,"column":29}},"6":{"start":{"line":9,"column":2},"end":{"line":11,"column":null}},"7":{"start":{"line":5,"column":13},"end":{"line":12,"column":null}}},"fnMap":{"0":{"name":"(anonymous_2)","decl":{"start":{"line":6,"column":2},"end":{"line":6,"column":31}},"loc":{"start":{"line":6,"column":59},"end":{"line":6,"column":63}}},"1":{"name":"(anonymous_3)","decl":{"start":{"line":9,"column":2},"end":{"line":9,"column":11}},"loc":{"start":{"line":9,"column":11},"end":{"line":11,"column":3}}}},"branchMap":{},"s":{"0":3,"1":3,"2":3,"3":8,"4":5,"5":3,"6":3,"7":3},"f":{"0":8,"1":5},"b":{}}
,"/root/.openclaw/workspace/fablino/backend-nest/src/modules/voices/voices.module.ts": {"path":"/root/.openclaw/workspace/fablino/backend-nest/src/modules/voices/voices.module.ts","statementMap":{"0":{"start":{"line":1,"column":0},"end":{"line":1,"column":40}},"1":{"start":{"line":2,"column":0},"end":{"line":2,"column":55}},"2":{"start":{"line":3,"column":0},"end":{"line":3,"column":49}},"3":{"start":{"line":4,"column":0},"end":{"line":4,"column":56}},"4":{"start":{"line":11,"column":7},"end":{"line":11,"column":null}},"5":{"start":{"line":11,"column":13},"end":{"line":11,"column":25}},"6":{"start":{"line":11,"column":13},"end":{"line":11,"column":null}}},"fnMap":{},"branchMap":{},"s":{"0":2,"1":2,"2":2,"3":2,"4":2,"5":2,"6":2},"f":{},"b":{}}
,"/root/.openclaw/workspace/fablino/backend-nest/src/modules/voices/voices.service.ts": {"path":"/root/.openclaw/workspace/fablino/backend-nest/src/modules/voices/voices.service.ts","statementMap":{"0":{"start":{"line":1,"column":0},"end":{"line":1,"column":44}},"1":{"start":{"line":2,"column":0},"end":{"line":2,"column":56}},"2":{"start":{"line":5,"column":7},"end":{"line":11,"column":null}},"3":{"start":{"line":6,"column":22},"end":{"line":6,"column":34}},"4":{"start":{"line":9,"column":4},"end":{"line":9,"column":47}},"5":{"start":{"line":5,"column":13},"end":{"line":5,"column":26}},"6":{"start":{"line":5,"column":13},"end":{"line":11,"column":null}}},"fnMap":{"0":{"name":"(anonymous_2)","decl":{"start":{"line":6,"column":2},"end":{"line":6,"column":22}},"loc":{"start":{"line":6,"column":44},"end":{"line":6,"column":48}}},"1":{"name":"(anonymous_3)","decl":{"start":{"line":8,"column":2},"end":{"line":8,"column":11}},"loc":{"start":{"line":8,"column":11},"end":{"line":10,"column":3}}}},"branchMap":{},"s":{"0":4,"1":4,"2":4,"3":10,"4":7,"5":4,"6":4},"f":{"0":10,"1":7},"b":{}}
[...]
"13":{"start":{"line":28,"column":21},"end":{"line":28,"column":42}},"14":{"start":{"line":30,"column":18},"end":{"line":30,"column":24}},"15":{"start":{"line":33,"column":21},"end":{"line":33,"column":210}},"16":{"start":{"line":36,"column":24},"end":{"line":51,"column":8}},"17":{"start":{"line":53,"column":6},"end":{"line":56,"column":7}},"18":{"start":{"line":54,"column":8},"end":{"line":54,"column":73}},"19":{"start":{"line":55,"column":8},"end":{"line":55,"column":20}},"20":{"start":{"line":58,"column":23},"end":{"line":58,"column":45}},"21":{"start":{"line":61,"column":6},"end":{"line":67,"column":7}},"22":{"start":{"line":62,"column":8},"end":{"line":62,"column":52}},"23":{"start":{"line":62,"column":31},"end":{"line":62,"column":50}},"24":{"start":{"line":63,"column":24},"end":{"line":65,"column":10}},"25":{"start":{"line":66,"column":8},"end":{"line":66,"column":42}},"26":{"start":{"line":69,"column":6},"end":{"line":72,"column":7}},"27":{"start":{"line":70,"column":8},"end":{"line":70,"column":72}},"28":{"start":{"line":71,"column":8},"end":{"line":71,"column":20}},"29":{"start":{"line":74,"column":23},"end":{"line":74,"column":40}},"30":{"start":{"line":75,"column":6},"end":{"line":75,"column":33}},"31":{"start":{"line":75,"column":21},"end":{"line":75,"column":33}},"32":{"start":{"line":78,"column":21},"end":{"line":78,"column":87}},"33":{"start":{"line":79,"column":21},"end":{"line":79,"column":60}},"34":{"start":{"line":80,"column":28},"end":{"line":80,"column":44}},"35":{"start":{"line":81,"column":24},"end":{"line":81,"column":59}},"36":{"start":{"line":82,"column":6},"end":{"line":82,"column":51}},"37":{"start":{"line":83,"column":6},"end":{"line":83,"column":42}},"38":{"start":{"line":85,"column":23},"end":{"line":85,"column":49}},"39":{"start":{"line":88,"column":6},"end":{"line":96,"column":7}},"40":{"start":{"line":89,"column":22},"end":{"line":89,"column":48}},"41":{"start":{"line":90,"column":8},"end":{"line":90,"column":49}},"42":{"start":{"line":91,"column":23},"end":{"line":91,"column":60}},"43":{"start":{"line":92,"column":8},"end":{"line":92,"column":83}},"44":{"start":{"line":93,"column":8},"end":{"line":93,"column":57}},"45":{"start":{"line":95,"column":8},"end":{"line":95,"column":71}},"46":{"start":{"line":98,"column":6},"end":{"line":98,"column":50}},"47":{"start":{"line":99,"column":6},"end":{"line":99,"column":22}},"48":{"start":{"line":101,"column":6},"end":{"line":101,"column":52}},"49":{"start":{"line":102,"column":6},"end":{"line":102,"column":18}},"50":{"start":{"line":9,"column":13},"end":{"line":9,"column":29}},"51":{"start":{"line":9,"column":13},"end":{"line":105,"column":null}}},"fnMap":{"0":{"name":"(anonymous_2)","decl":{"start":{"line":10,"column":2},"end":{"line":10,"column":22}},"loc":{"start":{"line":10,"column":50},"end":{"line":10,"column":54}}},"1":{"name":"(anonymous_3)","decl":{"start":{"line":12,"column":2},"end":{"line":12,"column":7}},"loc":{"start":{"line":17,"column":21},"end":{"line":104,"column":3}}},"2":{"name":"(anonymous_4)","decl":{"start":{"line":28,"column":16},"end":{"line":28,"column":17}},"loc":{"start":{"line":28,"column":21},"end":{"line":28,"column":42}}},"3":{"name":"(anonymous_5)","decl":{"start":{"line":30,"column":13},"end":{"line":30,"column":14}},"loc":{"start":{"line":30,"column":18},"end":{"line":30,"column":24}}},"4":{"name":"(anonymous_6)","decl":{"start":{"line":62,"column":26},"end":{"line":62,"column":27}},"loc":{"start":{"line":62,"column":31},"end":{"line":62,"column":50}}}},"branchMap":{"0":{"loc":{"start":{"line":21,"column":4},"end":{"line":24,"column":5}},"type":"if","locations":[{"start":{"line":21,"column":4},"end":{"line":24,"column":5}}]},"1":{"loc":{"start":{"line":53,"column":6},"end":{"line":56,"column":7}},"type":"if","locations":[{"start":{"line":53,"column":6},"end":{"line":56,"column":7}}]},"2":{"loc":{"start":{"line":61,"column":13},"end":{"line":61,"column":80}},"type":"binary-expr","locations":[{"start":{"line":61,"column":13},"end":{"line":61,"column":46}},{"start":{"line":61,"column":50},"end":{"line":61,"column":80}}]},"3":{"loc":{"start":{"line":69,"column":6},"end":{"line":72,"column":7}},"type":"if","locations":[{"start":{"line":69,"column":6},"end":{"line":72,"column":7}}]},"4":{"loc":{"start":{"line":75,"column":6},"end":{"line":75,"column":33}},"type":"if","locations":[{"start":{"line":75,"column":6},"end":{"line":75,"column":33}}]},"5":{"loc":{"start":{"line":78,"column":33},"end":{"line":78,"column":86}},"type":"cond-expr","locations":[{"start":{"line":78,"column":64},"end":{"line":78,"column":72}},{"start":{"line":78,"column":75},"end":{"line":78,"column":86}}]}},"s":{"0":6,"1":6,"2":6,"3":6,"4":6,"5":6,"6":18,"7":15,"8":15,"9":1,"10":1,"11":14,"12":14,"13":59,"14":43,"15":14,"16":14,"17":14,"18":0,"19":0,"20":14,"21":14,"22":15,"23":15,"24":15,"25":15,"26":13,"27":1,"28":1,"29":12,"30":12,"31":1,"32":11,"33":11,"34":11,"35":11,"36":11,"37":11,"38":11,"39":11,"40":11,"41":11,"42":11,"43":11,"44":10,"45":1,"46":11,"47":11,"48":1,"49":1,"50":6,"51":6},"f":{"0":18,"1":15,"2":59,"3":43,"4":15},"b":{"0":[1],"1":[0],"2":[28,16],"3":[1],"4":[1],"5":[11,0]}}
,"/root/.openclaw/workspace/fablino/backend-nest/src/services/tts.service.ts": {"path":"/root/.openclaw/workspace/fablino/backend-nest/src/services/tts.service.ts","statementMap":{"0":{"start":{"line":1,"column":0},"end":{"line":1,"column":44}},"1":{"start":{"line":2,"column":0},"end":{"line":2,"column":47}},"2":{"start":{"line":4,"column":0},"end":{"line":4,"column":25}},"3":{"start":{"line":6,"column":0},"end":{"line":6,"column":33}},"4":{"start":{"line":7,"column":13},"end":{"line":7,"column":53}},"5":{"start":{"line":28,"column":7},"end":{"line":326,"column":null}},"6":{"start":{"line":146,"column":22},"end":{"line":146,"column":37}},"7":{"start":{"line":29,"column":19},"end":{"line":67,"column":4}},"8":{"start":{"line":70,"column":19},"end":{"line":108,"column":4}},"9":{"start":{"line":111,"column":19},"end":{"line":134,"column":4}},"10":{"start":{"line":136,"column":18},"end":{"line":141,"column":4}},"11":{"start":{"line":143,"column":19},"end":{"line":143,"column":65}},"12":{"start":{"line":144,"column":19},"end":{"line":144,"column":56}},"13":{"start":{"line":149,"column":4},"end":{"line":149,"column":32}},"14":{"start":{"line":158,"column":21},"end":{"line":158,"column":49}},"15":{"start":{"line":159,"column":4},"end":{"line":159,"column":50}},"16":{"start":{"line":159,"column":38},"end":{"line":159,"column":50}},"17":{"start":{"line":161,"column":20},"end":{"line":161,"column":24}},"18":{"start":{"line":162,"column":20},"end":{"line":162,"column":21}},"19":{"start":{"line":164,"column":4},"end":{"line":174,"column":5}},"20":{"start":{"line":165,"column":6},"end":{"line":165,"column":54}},"21":{"start":{"line":165,"column":45},"end":{"line":165,"column":54}},"22":{"start":{"line":166,"column":26},"end":{"line":166,"column":45}},"23":{"start":{"line":167,"column":20},"end":{"line":169,"column":14}},"24":{"start":{"line":168,"column":8},"end":{"line":168,"column":64}},"25":{"start":{"line":168,"column":31},"end":{"line":168,"column":63}},"26":{"start":{"line":170,"column":6},"end":{"line":173,"column":7}},"27":{"start":{"line":171,"column":8},"end":{"line":171,"column":26}},"28":{"start":{"line":172,"column":8},"end":{"line":172,"column":38}},"29":{"start":{"line":175,"column":4},"end":{"line":175,"column":21}},"30":{"start":{"line":180,"column":49},"end":{"line":180,"column":51}},"31":{"start":{"line":181,"column":23},"end":{"line":181,"column":40}},"32":{"start":{"line":182,"column":21},"end":{"line":190,"column":6}},"33":{"start":{"line":192,"column":4},"end":{"line":231,"column":5}},"34":{"start":{"line":193,"column":6},"end":{"line":230,"column":7}},"35":{"start":{"line":194,"column":8},"end":{"line":194,"column":59}},"36":{"start":{"line":195,"column":8},"end":{"line":195,"column":53}},"37":{"start":{"line":196,"column":13},"end":{"line":230,"column":7}},"38":{"start":{"line":197,"column":8},"end":{"line":197,"column":54}},"39":{"start":{"line":198,"column":8},"end":{"line":198,"column":48}},"40":{"start":{"line":200,"column":23},"end":{"line":200,"column":47}},"41":{"start":{"line":202,"column":27},"end":{"line":202,"column":83}},"42":{"start":{"line":203,"column":8},"end":{"line":228,"column":9}},"43":{"start":{"line":204,"column":10},"end":{"line":204,"column":43}},"44":{"start":{"line":207,"column":23},"end":{"line":207,"column":45}},"45":{"start":{"line":208,"column":10},"end":{"line":227,"column":11}},"46":{"start":{"line":210,"column":24},"end":{"line":210,"column":28}},"47":{"start":{"line":211,"column":12},"end":{"line":218,"column":13}},"48":{"start":{"line":211,"column":25},"end":{"line":211,"column":26}},"49":{"start":{"line":212,"column":26},"end":{"line":212,"column":62}},"50":{"start":{"line":213,"column":14},"end":{"line":217,"column":15}},"51":{"start":{"line":214,"column":16},"end":{"line":214,"column":34}},"52":{"start":{"line":215,"column":16},"end":{"line":215,"column":43}},"53":{"start":{"line":216,"column":16},"end":{"line":216,"column":22}},"54":{"start":{"line":219,"column":12},"end":{"line":219,"column":80}},"55":{"start":{"line":222,"column":29},"end":{"line":223,"column":72}},"56":{"start":{"line":224,"column":27},"end":{"line":224,"column":51}},"57":{"start":{"line":225,"column":12},"end":{"line":225,"column":77}},"58":{"start":{"line":226,"column":12},"end":{"line":226,"column":33}},"59":{"start":{"line":229,"column":8},"end":{"line":229,"column":44}},"60":{"start":{"line":232,"column":4},"end":{"line":232,"column":20}},"61":{"start":{"line":242,"column":31},"end":{"line":242,"column":83}},"62":{"start":{"line":244,"column":4},"end":{"line":246,"column":5}},"63":{"start":{"line":245,"column":6},"end":{"line":245,"column":59}},"64":{"start":{"line":248,"column":22},"end":{"line":252,"column":6}},"65":{"start":{"line":254,"column":4},"end":{"line":254,"column":74}},"66":{"start":{"line":254,"column":31},"end":{"line":254,"column":74}},"67":{"start":{"line":255,"column":4},"end":{"line":255,"column":62}},"68":{"start":{"line":255,"column":27},"end":{"line":255,"column":62}},"69":{"start":{"line":257,"column":21},"end":{"line":264,"column":6}},"70":{"start":{"line":266,"column":4},"end":{"line":269,"column":5}},"71":{"start":{"line":267,"column":22},"end":{"line":267,"column":43}},"72":{"start":{"line":268,"column":6},"end":{"line":268,"column":67}},"73":{"start":{"line":271,"column":19},"end":{"line":271,"column":60}},"74":{"start":{"line":273,"column":20},"end":{"line":273,"column":58}},"75":{"start":{"line":274,"column":4},"end":{"line":274,"column":38}},"76":{"start":{"line":276,"column":4},"end":{"line":284,"column":5}},"77":{"start":{"line":277,"column":6},"end":{"line":277,"column":117}},"78":{"start":{"line":278,"column":6},"end":{"line":278,"column":29}},"79":{"start":{"line":281,"column":6},"end":{"line":283,"column":7}},"80":{"start":{"line":282,"column":8},"end":{"line":282,"column":43}},"81":{"start":{"line":289,"column":21},"end":{"line":289,"column":53}},"82":{"start":{"line":290,"column":4},"end":{"line":293,"column":5}},"83":{"start":{"line":291,"column":6},"end":{"line":291,"column":63}},"84":{"start":{"line":292,"column":6},"end":{"line":292,"column":24}},"85":{"start":{"line":295,"column":31},"end":{"line":295,"column":83}},"86":{"start":{"line":297,"column":4},"end":{"line":300,"column":5}},"87":{"start":{"line":298,"column":6},"end":{"line":298,"column":71}},"88":{"start":{"line":299,"column":6},"end":{"line":299,"column":18}},"89":{"start":{"line":302,"column":21},"end":{"line":313,"column":6}},"90":{"start":{"line":315,"column":4},"end":{"line":319,"column":5}},"91":{"start":{"line":316,"column":22},"end":{"line":316,"column":43}},"92":{"start":{"line":317,"column":6},"end":{"line":317,"column":105}},"93":{"start":{"line":318,"column":6},"end":{"line":318,"column":18}},"94":{"start":{"line":321,"column":19},"end":{"line":321,"column":60}},"95":{"start":{"line":322,"column":4},"end":{"line":322,"column":41}},"96":{"start":{"line":323,"column":4},"end":{"line":323,"column":44}},"97":{"start":{"line":324,"column":4},"end":{"line":324,"column":22}},"98":{"start":{"line":28,"column":13},"end":{"line":28,"column":23}},"99":{"start":{"line":28,"column":13},"end":{"line":326,"column":null}}},"fnMap":{"0":{"name":"(anonymous_2)","decl":{"start":{"line":146,"column":2},"end":{"line":146,"column":22}},"loc":{"start":{"line":146,"column":50},"end":{"line":146,"column":54}}},"1":{"name":"(anonymous_3)","decl":{"start":{"line":148,"column":2},"end":{"line":148,"column":19}},"loc":{"start":{"line":148,"column":19},"end":{"line":150,"column":3}}},"2":{"name":"(anonymous_4)","decl":{"start":{"line":153,"column":10},"end":{"line":153,"column":28}},"loc":{"start":{"line":156,"column":27},"end":{"line":176,"column":3}}},"3":{"name":"(anonymous_5)","decl":{"start":{"line":167,"column":34},"end":{"line":167,"column":35}},"loc":{"start":{"line":168,"column":8},"end":{"line":168,"column":64}}},"4":{"name":"(anonymous_6)","decl":{"start":{"line":168,"column":25},"end":{"line":168,"column":27}},"loc":{"start":{"line":168,"column":31},"end":{"line":168,"column":63}}},"5":{"name":"(anonymous_7)","decl":{"start":{"line":179,"column":2},"end":{"line":179,"column":14}},"loc":{"start":{"line":179,"column":38},"end":{"line":233,"column":3}}},"6":{"name":"(anonymous_8)","decl":{"start":{"line":235,"column":2},"end":{"line":235,"column":7}},"loc":{"start":{"line":240,"column":33},"end":{"line":285,"column":3}}},"7":{"name":"(anonymous_9)","decl":{"start":{"line":287,"column":2},"end":{"line":287,"column":7}},"loc":{"start":{"line":287,"column":59},"end":{"line":325,"column":3}}}},"branchMap":{"0":{"loc":{"start":{"line":159,"column":4},"end":{"line":159,"column":50}},"type":"if","locations":[{"start":{"line":159,"column":4},"end":{"line":159,"column":50}}]},"1":{"loc":{"start":{"line":159,"column":8},"end":{"line":159,"column":36}},"type":"binary-expr","locations":[{"start":{"line":159,"column":8},"end":{"line":159,"column":17}},{"start":{"line":159,"column":21},"end":{"line":159,"column":36}}]},"2":{"loc":{"start":{"line":165,"column":6},"end":{"line":165,"column":54}},"type":"if","locations":[{"start":{"line":165,"column":6},"end":{"line":165,"column":54}}]},"3":{"loc":{"start":{"line":168,"column":31},"end":{"line":168,"column":63}},"type":"binary-expr","locations":[{"start":{"line":168,"column":31},"end":{"line":168,"column":45}},{"start":{"line":168,"column":49},"end":{"line":168,"column":63}}]},"4":{"loc":{"start":{"line":170,"column":6},"end":{"line":173,"column":7}},"type":"if","locations":[{"start":{"line":170,"column":6},"end":{"line":173,"column":7}}]},"5":{"loc":{"start":{"line":193,"column":6},"end":{"line":230,"column":7}},"type":"if","locations":[{"start":{"line":193,"column":6},"end":{"line":230,"column":7}},{"start":{"line":196,"column":13},"end":{"line":230,"column":7}}]},"6":{"loc":{"start":{"line":196,"column":13},"end":{"line":230,"column":7}},"type":"if","locations":[{"start":{"line":196,"column":13},"end":{"line":230,"column":7}},{"start":{"line":199,"column":13},"end":{"line":230,"column":7}}]},"7":{"loc":{"start":{"line":200,"column":23},"end":{"line":200,"column":47}},"type":"binary-expr","locations":[{"start":{"line":200,"column":23},"end":{"line":200,"column":34}},{"start":{"line":200,"column":38},"end":{"line":200,"column":47}}]},"8":{"loc":{"start":{"line":203,"column":8},"end":{"line":228,"column":9}},"type":"if","locations":[{"start":{"line":203,"column":8},"end":{"line":228,"column":9}},{"start":{"line":205,"column":15},"end":{"line":228,"column":9}}]},"9":{"loc":{"start":{"line":208,"column":10},"end":{"line":227,"column":11}},"type":"if","locations":[{"start":{"line":208,"column":10},"end":{"line":227,"column":11}},{"start":{"line":220,"column":17},"end":{"line":227,"column":11}}]},"10":{"loc":{"start":{"line":213,"column":14},"end":{"line":217,"column":15}},"type":"if","locations":[{"start":{"line":213,"column":14},"end":{"line":217,"column":15}}]},"11":{"loc":{"start":{"line":219,"column":34},"end":{"line":219,"column":79}},"type":"binary-expr","locations":[{"start":{"line":219,"column":34},"end":{"line":219,"column":39}},{"start":{"line":219,"column":43},"end":{"line":219,"column":79}}]},"12":{"loc":{"start":{"line":222,"column":29},"end":{"line":223,"column":72}},"type":"cond-expr","locations":[{"start":{"line":222,"column":52},"end":{"line":222,"column":61}},{"start":{"line":223,"column":28},"end":{"line":223,"column":72}}]},"13":{"loc":{"start":{"line":223,"column":28},"end":{"line":223,"column":72}},"type":"cond-expr","locations":[{"start":{"line":223,"column":51},"end":{"line":223,"column":60}},{"start":{"line":223,"column":63},"end":{"line":223,"column":72}}]},"14":{"loc":{"start":{"line":239,"column":4},"end":{"line":239,"column":62}},"type":"default-arg","locations":[{"start":{"line":239,"column":35},"end":{"line":239,"column":62}}]},"15":{"loc":{"start":{"line":240,"column":4},"end":{"line":240,"column":33}},"type":"default-arg","locations":[{"start":{"line":240,"column":31},"end":{"line":240,"column":33}}]},"16":{"loc":{"start":{"line":244,"column":4},"end":{"line":246,"column":5}},"type":"if","locations":[{"start":{"line":244,"column":4},"end":{"line":246,"column":5}}]},"17":{"loc":{"start":{"line":254,"column":4},"end":{"line":254,"column":74}},"type":"if","locations":[{"start":{"line":254,"column":4},"end":{"line":254,"column":74}}]},"18":{"loc":{"start":{"line":255,"column":4},"end":{"line":255,"column":62}},"type":"if","locations":[{"start":{"line":255,"column":4},"end":{"line":255,"column":62}}]},"19":{"loc":{"start":{"line":266,"column":4},"end":{"line":269,"column":5}},"type":"if","locations":[{"start":{"line":266,"column":4},"end":{"line":269,"column":5}}]},"20":{"loc":{"start":{"line":281,"column":6},"end":{"line":283,"column":7}},"type":"if","locations":[{"start":{"line":281,"column":6},"end":{"line":283,"column":7}}]},"21":{"loc":{"start":{"line":290,"column":4},"end":{"line":293,"column":5}},"type":"if","locations":[{"start":{"line":290,"column":4},"end":{"line":293,"column":5}}]},"22":{"loc":{"start":{"line":297,"column":4},"end":{"line":300,"column":5}},"type":"if","locations":[{"start":{"line":297,"column":4},"end":{"line":300,"column":5}}]},"23":{"loc":{"start":{"line":315,"column":4},"end":{"line":319,"column":5}},"type":"if","locations":[{"start":{"line":315,"column":4},"end":{"line":319,"column":5}}]}},"s":{"0":10,"1":10,"2":10,"3":10,"4":10,"5":10,"6":31,"7":31,"8":31,"9":31,"10":31,"11":31,"12":31,"13":2,"14":17,"15":17,"16":1,"17":16,"18":16,"19":16,"20":135,"21":46,"22":89,"23":89,"24":113,"25":336,"26":89,"27":6,"28":6,"29":16,"30":6,"31":6,"32":6,"33":6,"34":18,"35":0,"36":0,"37":18,"38":1,"39":1,"40":17,"41":17,"42":17,"43":6,"44":11,"45":11,"46":10,"47":10,"48":10,"49":17,"50":17,"51":9,"52":9,"53":9,"54":10,"55":1,"56":1,"57":1,"58":1,"59":17,"60":6,"61":8,"62":8,"63":1,"64":7,"65":7,"66":1,"67":7,"68":1,"69":7,"70":7,"71":1,"72":1,"73":6,"74":6,"75":6,"76":6,"77":6,"78":6,"79":0,"80":0,"81":9,"82":9,"83":2,"84":2,"85":7,"86":7,"87":1,"88":1,"89":6,"90":5,"91":1,"92":1,"93":1,"94":4,"95":4,"96":4,"97":4,"98":10,"99":10},"f":{"0":31,"1":2,"2":17,"3":113,"4":336,"5":6,"6":8,"7":9},"b":{"0":[1],"1":[17,17],"2":[46],"3":[336,323],"4":[6],"5":[0,18],"6":[1,17],"7":[17,0],"8":[6,11],"9":[10,1],"10":[9],"11":[10,1],"12":[1,0],"13":[0,0],"14":[6],"15":[7],"16":[1],"17":[1],"18":[1],"19":[1],"20":[0],"21":[2],"22":[1],"23":[1]}}
,"/root/.openclaw/workspace/fablino/backend-nest/src/utils/exec.util.ts": {"path":"/root/.openclaw/workspace/fablino/backend-nest/src/utils/exec.util.ts","statementMap":{"0":{"start":{"line":1,"column":0},"end":{"line":1,"column":33}},"1":{"start":{"line":2,"column":0},"end":{"line":2,"column":53}},"2":{"start":{"line":4,"column":13},"end":{"line":4,"column":49}}},"fnMap":{},"branchMap":{},"s":{"0":0,"1":0,"2":0},"f":{},"b":{}}
}
