TN:
SF:src/app.module.ts
FNF:0
FNH:0
DA:1,2
DA:2,2
DA:3,2
DA:4,2
DA:6,2
DA:7,2
DA:8,2
DA:9,2
DA:10,2
DA:11,2
DA:12,2
DA:13,2
DA:34,2
LF:13
LH:13
BRF:0
BRH:0
end_of_record
TN:
SF:src/main.ts
FN:8,bootstrap
FNF:1
FNH:0
FNDA:0,bootstrap
DA:1,0
DA:2,0
DA:3,0
DA:4,0
DA:5,0
DA:9,0
DA:12,0
DA:15,0
DA:21,0
DA:27,0
DA:33,0
DA:38,0
DA:39,0
DA:40,0
DA:42,0
LF:15
LH:0
BRDA:38,0,0,0
BRDA:38,0,1,0
BRF:2
BRH:0
end_of_record
TN:
SF:src/dto/generation.dto.ts
FN:24,(anonymous_2)
FN:30,(anonymous_3)
FN:44,(anonymous_4)
FNF:3
FNH:0
FNDA:0,(anonymous_2)
FNDA:0,(anonymous_3)
FNDA:0,(anonymous_4)
DA:1,4
DA:2,4
DA:4,4
DA:6,4
DA:9,4
DA:12,4
DA:14,4
DA:18,4
DA:21,4
DA:24,0
DA:25,4
DA:30,0
DA:31,4
DA:34,4
DA:36,4
DA:40,4
DA:44,0
DA:45,4
DA:48,4
DA:50,4
DA:53,4
DA:56,4
DA:65,4
DA:69,4
LF:24
LH:21
BRF:0
BRH:0
end_of_record
TN:
SF:src/dto/reserve.dto.ts
FNF:0
FNH:0
DA:1,4
DA:3,4
DA:6,4
DA:10,4
DA:14,4
LF:5
LH:5
BRF:0
BRH:0
end_of_record
TN:
SF:src/dto/stories.dto.ts
FNF:0
FNH:0
DA:1,4
DA:3,4
DA:5,4
DA:8,4
DA:10,4
DA:13,4
LF:6
LH:6
BRF:0
BRH:0
end_of_record
TN:
SF:src/dto/waitlist.dto.ts
FNF:0
FNH:0
DA:1,4
DA:3,4
DA:5,4
DA:9,4
DA:13,4
DA:17,4
DA:20,4
DA:24,4
LF:8
LH:8
BRF:0
BRH:0
end_of_record
TN:
SF:src/guards/basic-auth.guard.ts
FN:6,(anonymous_2)
FN:8,(anonymous_3)
FNF:2
FNH:2
FNDA:17,(anonymous_2)
FNDA:12,(anonymous_3)
DA:1,3
DA:2,3
DA:5,3
DA:6,17
DA:9,12
DA:10,12
DA:12,12
DA:14,12
DA:15,1
DA:16,1
DA:19,11
DA:20,10
DA:21,10
DA:23,10
DA:25,10
DA:26,7
DA:27,7
DA:30,3
LF:18
LH:18
BRDA:14,0,0,1
BRDA:23,1,0,10
BRDA:23,1,1,1
BRDA:25,2,0,7
BRDA:25,3,0,10
BRDA:25,3,1,5
BRF:6
BRH:6
end_of_record
TN:
SF:src/modules/admin/admin.controller.ts
FN:9,(anonymous_4)
FN:12,(anonymous_5)
FN:17,(anonymous_6)
FN:22,(anonymous_7)
FN:28,(anonymous_8)
FN:33,(anonymous_9)
FN:39,(anonymous_10)
FNF:7
FNH:1
FNDA:2,(anonymous_4)
FNDA:0,(anonymous_5)
FNDA:0,(anonymous_6)
FNDA:0,(anonymous_7)
FNDA:0,(anonymous_8)
FNDA:0,(anonymous_9)
FNDA:0,(anonymous_10)
DA:1,2
DA:2,2
DA:3,2
DA:8,2
DA:9,2
DA:12,2
DA:13,0
DA:17,2
DA:18,0
DA:22,2
DA:23,0
DA:28,2
DA:29,0
DA:33,2
DA:34,0
DA:39,2
DA:40,0
LF:17
LH:11
BRF:0
BRH:0
end_of_record
TN:
SF:src/modules/admin/admin.module.ts
FNF:0
FNH:0
DA:1,2
DA:2,2
DA:3,2
DA:4,2
DA:11,2
LF:5
LH:5
BRF:0
BRH:0
end_of_record
TN:
SF:src/modules/admin/admin.service.ts
FN:7,(anonymous_2)
FN:9,(anonymous_3)
FN:169,(anonymous_4)
FN:231,(anonymous_5)
FN:239,(anonymous_6)
FN:372,(anonymous_7)
FN:411,(anonymous_8)
FN:430,(anonymous_9)
FN:440,(anonymous_10)
FN:450,(anonymous_11)
FNF:10
FNH:1
FNDA:2,(anonymous_2)
FNDA:0,(anonymous_3)
FNDA:0,(anonymous_4)
FNDA:0,(anonymous_5)
FNDA:0,(anonymous_6)
FNDA:0,(anonymous_7)
FNDA:0,(anonymous_8)
FNDA:0,(anonymous_9)
FNDA:0,(anonymous_10)
FNDA:0,(anonymous_11)
DA:1,2
DA:2,2
DA:6,2
DA:7,2
DA:10,0
DA:11,0
DA:21,0
DA:169,0
DA:224,0
DA:226,0
DA:227,0
DA:232,0
DA:233,0
DA:238,0
DA:240,0
DA:241,0
DA:245,0
DA:247,0
DA:251,0
DA:372,0
DA:404,0
DA:406,0
DA:407,0
DA:412,0
DA:413,0
DA:414,0
DA:415,0
DA:418,0
DA:423,0
DA:425,0
DA:426,0
DA:431,0
DA:432,0
DA:433,0
DA:435,0
DA:436,0
DA:441,0
DA:442,0
DA:443,0
DA:445,0
DA:446,0
DA:451,0
DA:452,0
LF:43
LH:4
BRDA:169,0,0,0
BRDA:169,0,1,0
BRDA:173,1,0,0
BRDA:173,1,1,0
BRDA:175,2,0,0
BRDA:175,2,1,0
BRDA:176,3,0,0
BRDA:176,3,1,0
BRDA:177,4,0,0
BRDA:177,4,1,0
BRDA:182,5,0,0
BRDA:182,5,1,0
BRDA:193,6,0,0
BRDA:193,6,1,0
BRDA:194,7,0,0
BRDA:194,7,1,0
BRDA:240,8,0,0
BRDA:245,9,0,0
BRDA:245,9,1,0
BRDA:372,10,0,0
BRDA:372,10,1,0
BRDA:376,11,0,0
BRDA:376,11,1,0
BRDA:377,12,0,0
BRDA:377,12,1,0
BRDA:379,13,0,0
BRDA:379,13,1,0
BRDA:379,14,0,0
BRDA:379,14,1,0
BRDA:414,15,0,0
BRDA:451,16,0,0
BRF:31
BRH:0
end_of_record
TN:
SF:src/modules/audio/audio.controller.ts
FN:7,(anonymous_4)
FN:10,(anonymous_5)
FNF:2
FNH:2
FNDA:9,(anonymous_4)
FNDA:13,(anonymous_5)
DA:1,3
DA:2,3
DA:6,3
DA:7,9
DA:10,3
DA:11,13
DA:12,13
DA:14,5
LF:8
LH:8
BRF:0
BRH:0
end_of_record
TN:
SF:src/modules/audio/audio.module.ts
FNF:0
FNH:0
DA:1,2
DA:2,2
DA:3,2
DA:10,2
LF:4
LH:4
BRF:0
BRH:0
end_of_record
TN:
SF:src/modules/audio/audio.service.ts
FN:7,(anonymous_1)
FN:10,(anonymous_2)
FN:29,(anonymous_3)
FNF:3
FNH:3
FNDA:3,(anonymous_1)
FNDA:21,(anonymous_2)
FNDA:2,(anonymous_3)
DA:1,4
DA:3,4
DA:4,4
DA:7,4
DA:8,3
DA:11,21
DA:13,21
DA:14,2
DA:17,19
DA:19,18
DA:26,18
DA:27,17
DA:29,17
DA:30,2
DA:31,2
DA:32,1
LF:16
LH:16
BRDA:13,0,0,2
BRDA:31,1,0,1
BRF:2
BRH:2
end_of_record
TN:
SF:src/modules/generation/generation.controller.ts
FN:8,(anonymous_4)
FN:11,(anonymous_5)
FN:16,(anonymous_6)
FN:21,(anonymous_7)
FN:26,(anonymous_8)
FNF:5
FNH:5
FNDA:14,(anonymous_4)
FNDA:3,(anonymous_5)
FNDA:2,(anonymous_6)
FNDA:3,(anonymous_7)
FNDA:7,(anonymous_8)
DA:1,3
DA:2,3
DA:3,3
DA:7,3
DA:8,14
DA:11,3
DA:12,3
DA:16,3
DA:17,2
DA:21,3
DA:22,3
DA:26,3
DA:27,7
LF:13
LH:13
BRF:0
BRH:0
end_of_record
TN:
SF:src/modules/generation/generation.module.ts
FNF:0
FNH:0
DA:1,2
DA:2,2
DA:3,2
DA:4,2
DA:5,2
DA:6,2
DA:7,2
DA:8,2
DA:21,2
LF:9
LH:9
BRF:0
BRH:0
end_of_record
TN:
SF:src/modules/generation/generation.service.ts
FN:34,(anonymous_2)
FN:42,(anonymous_3)
FN:52,(anonymous_4)
FN:72,(anonymous_5)
FN:101,(anonymous_6)
FN:129,(anonymous_7)
FN:148,(anonymous_8)
FN:172,(anonymous_9)
FN:181,(anonymous_10)
FN:214,(anonymous_11)
FN:229,(anonymous_12)
FN:238,(anonymous_13)
FN:291,(anonymous_14)
FN:312,(anonymous_15)
FN:325,(anonymous_16)
FNF:15
FNH:14
FNDA:30,(anonymous_2)
FNDA:0,(anonymous_3)
FNDA:19,(anonymous_4)
FNDA:18,(anonymous_5)
FNDA:16,(anonymous_6)
FNDA:7,(anonymous_7)
FNDA:5,(anonymous_8)
FNDA:5,(anonymous_9)
FNDA:4,(anonymous_10)
FNDA:8,(anonymous_11)
FNDA:4,(anonymous_12)
FNDA:3,(anonymous_13)
FNDA:7,(anonymous_14)
FNDA:1,(anonymous_15)
FNDA:15,(anonymous_16)
DA:1,5
DA:2,5
DA:3,5
DA:4,5
DA:5,5
DA:6,5
DA:9,5
DA:10,5
DA:11,5
DA:29,5
DA:30,30
DA:31,30
DA:32,30
DA:35,30
DA:36,30
DA:37,30
DA:38,30
DA:39,30
DA:42,30
DA:43,0
DA:44,0
DA:45,0
DA:46,0
DA:53,19
DA:55,19
DA:56,1
DA:59,18
DA:60,18
DA:67,18
DA:69,18
DA:73,18
DA:74,18
DA:76,18
DA:83,16
DA:84,16
DA:85,16
DA:86,33
DA:87,17
DA:92,17
DA:93,2
DA:94,2
DA:101,16
DA:102,1
DA:110,16
DA:111,16
DA:120,2
DA:121,2
DA:130,7
DA:131,7
DA:132,2
DA:135,5
DA:136,5
DA:143,5
DA:145,5
DA:156,5
DA:157,5
DA:160,5
DA:168,5
DA:169,5
DA:170,5
DA:171,5
DA:172,5
DA:173,5
DA:175,5
DA:176,9
DA:177,9
DA:178,9
DA:180,9
DA:181,4
DA:183,9
DA:185,9
DA:193,8
DA:194,8
DA:195,8
DA:198,4
DA:199,4
DA:200,4
DA:203,4
DA:204,4
DA:207,4
DA:209,4
DA:214,8
DA:220,1
DA:221,1
DA:238,4
DA:240,3
DA:255,3
DA:256,6
DA:267,3
DA:268,3
DA:269,3
DA:270,6
DA:271,6
DA:272,6
DA:283,6
DA:287,3
DA:292,7
DA:294,7
DA:295,2
DA:298,5
DA:299,5
DA:306,5
DA:307,5
DA:312,4
DA:313,1
DA:314,1
DA:320,1
DA:321,1
DA:326,15
DA:327,15
DA:328,2
DA:330,13
LF:112
LH:108
BRDA:45,0,0,0
BRDA:45,1,0,0
BRDA:45,1,1,0
BRDA:53,2,0,17
BRDA:55,3,0,1
BRDA:86,4,0,17
BRDA:92,5,0,2
BRDA:92,6,0,17
BRDA:92,6,1,17
BRDA:101,7,0,1
BRDA:131,8,0,2
BRDA:131,9,0,7
BRDA:131,9,1,6
BRDA:162,10,0,5
BRDA:162,10,1,0
BRDA:177,11,0,9
BRDA:177,11,1,0
BRDA:180,12,0,4
BRDA:180,12,1,5
BRDA:183,13,0,5
BRDA:183,13,1,4
BRDA:204,14,0,4
BRDA:204,14,1,1
BRDA:245,15,0,3
BRDA:245,15,1,0
BRDA:249,16,0,3
BRDA:249,16,1,0
BRDA:250,17,0,3
BRDA:250,17,1,0
BRDA:261,18,0,6
BRDA:261,18,1,0
BRDA:294,19,0,2
BRDA:294,20,0,7
BRDA:294,20,1,6
BRDA:300,21,0,5
BRDA:300,21,1,4
BRDA:301,22,0,5
BRDA:301,22,1,4
BRDA:302,23,0,5
BRDA:302,23,1,4
BRDA:303,24,0,5
BRDA:303,24,1,4
BRDA:327,25,0,2
BRF:43
BRH:34
end_of_record
TN:
SF:src/modules/generation/status.controller.ts
FN:6,(anonymous_4)
FN:9,(anonymous_5)
FNF:2
FNH:2
FNDA:8,(anonymous_4)
FNDA:13,(anonymous_5)
DA:1,3
DA:2,3
DA:5,3
DA:6,8
DA:9,3
DA:10,13
LF:6
LH:6
BRF:0
BRH:0
end_of_record
TN:
SF:src/modules/prisma/prisma.module.ts
FNF:0
FNH:0
DA:1,2
DA:2,2
DA:9,2
LF:3
LH:3
BRF:0
BRH:0
end_of_record
TN:
SF:src/modules/prisma/prisma.service.ts
FN:6,(anonymous_1)
FNF:1
FNH:0
FNDA:0,(anonymous_1)
DA:1,13
DA:2,13
DA:5,13
DA:7,0
LF:4
LH:3
BRF:0
BRH:0
end_of_record
TN:
SF:src/modules/sharing/sharing.controller.ts
FN:7,(anonymous_4)
FN:10,(anonymous_5)
FN:15,(anonymous_6)
FN:20,(anonymous_7)
FN:25,(anonymous_8)
FNF:5
FNH:5
FNDA:14,(anonymous_4)
FNDA:10,(anonymous_5)
FNDA:4,(anonymous_6)
FNDA:3,(anonymous_7)
FNDA:7,(anonymous_8)
DA:1,3
DA:2,3
DA:6,3
DA:7,14
DA:10,3
DA:11,10
DA:15,3
DA:16,4
DA:20,3
DA:21,3
DA:25,3
DA:26,7
LF:12
LH:12
BRF:0
BRH:0
end_of_record
TN:
SF:src/modules/sharing/sharing.module.ts
FNF:0
FNH:0
DA:1,2
DA:2,2
DA:3,2
DA:10,2
LF:4
LH:4
BRF:0
BRH:0
end_of_record
TN:
SF:src/modules/sharing/sharing.service.ts
FN:8,(anonymous_2)
FN:10,(anonymous_3)
FN:26,(anonymous_4)
FN:38,(anonymous_5)
FN:69,(anonymous_6)
FNF:5
FNH:5
FNDA:20,(anonymous_2)
FNDA:14,(anonymous_3)
FNDA:36,(anonymous_4)
FNDA:60,(anonymous_5)
FNDA:8,(anonymous_6)
DA:1,4
DA:2,4
DA:4,4
DA:7,4
DA:8,20
DA:11,14
DA:12,14
DA:21,13
DA:22,1
DA:23,1
DA:26,36
DA:27,12
DA:28,12
DA:29,12
DA:32,12
DA:35,12
DA:38,60
DA:40,12
DA:41,12
DA:64,1
DA:65,1
DA:71,8
DA:73,8
DA:74,8
LF:24
LH:24
BRDA:21,0,0,1
BRDA:27,1,0,12
BRDA:27,1,1,1
BRDA:32,2,0,11
BRDA:32,2,1,1
BRDA:35,3,0,11
BRDA:35,3,1,1
BRF:7
BRH:7
end_of_record
TN:
SF:src/modules/stories/stories.controller.ts
FN:7,(anonymous_4)
FN:10,(anonymous_5)
FN:16,(anonymous_6)
FN:21,(anonymous_7)
FN:26,(anonymous_8)
FN:32,(anonymous_9)
FNF:6
FNH:6
FNDA:15,(anonymous_4)
FNDA:4,(anonymous_5)
FNDA:2,(anonymous_6)
FNDA:2,(anonymous_7)
FNDA:2,(anonymous_8)
FNDA:2,(anonymous_9)
DA:1,3
DA:2,3
DA:3,3
DA:6,3
DA:7,15
DA:10,3
DA:11,4
DA:12,4
DA:16,3
DA:17,2
DA:21,3
DA:22,2
DA:26,3
DA:27,2
DA:32,3
DA:33,2
LF:16
LH:16
BRF:0
BRH:0
end_of_record
TN:
SF:src/modules/stories/stories.module.ts
FNF:0
FNH:0
DA:1,2
DA:2,2
DA:3,2
DA:4,2
DA:5,2
DA:12,2
LF:6
LH:6
BRF:0
BRH:0
end_of_record
TN:
SF:src/modules/stories/stories.service.ts
FN:12,(anonymous_2)
FN:18,(anonymous_3)
FN:34,(anonymous_4)
FN:35,(anonymous_5)
FN:60,(anonymous_6)
FN:63,(anonymous_7)
FN:87,(anonymous_8)
FN:112,(anonymous_9)
FN:125,(anonymous_10)
FN:178,(anonymous_11)
FN:212,(anonymous_12)
FN:223,(anonymous_13)
FNF:12
FNH:12
FNDA:20,(anonymous_2)
FNDA:4,(anonymous_3)
FNDA:4,(anonymous_4)
FNDA:4,(anonymous_5)
FNDA:2,(anonymous_6)
FNDA:2,(anonymous_7)
FNDA:1,(anonymous_8)
FNDA:3,(anonymous_9)
FNDA:7,(anonymous_10)
FNDA:4,(anonymous_11)
FNDA:4,(anonymous_12)
FNDA:2,(anonymous_13)
DA:1,4
DA:2,4
DA:3,4
DA:4,4
DA:5,4
DA:6,4
DA:9,4
DA:10,20
DA:13,20
DA:14,20
DA:15,20
DA:19,4
DA:34,3
DA:35,4
DA:40,4
DA:41,4
DA:42,4
DA:45,4
DA:60,3
DA:64,2
DA:83,2
DA:84,1
DA:87,1
DA:92,1
DA:93,1
DA:94,1
DA:97,1
DA:113,3
DA:114,3
DA:119,2
DA:121,1
DA:126,7
DA:127,2
DA:130,5
DA:132,5
DA:136,5
DA:137,1
DA:141,4
DA:149,4
DA:150,1
DA:154,3
DA:162,3
DA:163,1
DA:166,2
DA:167,2
DA:168,2
DA:171,2
DA:172,2
DA:173,6
DA:174,6
DA:176,6
DA:177,3
DA:178,4
DA:180,3
DA:182,3
DA:190,2
DA:195,5
DA:199,1
DA:200,1
DA:201,4
DA:202,4
DA:203,4
DA:207,1
DA:208,1
DA:209,1
DA:212,4
DA:213,1
DA:215,3
DA:216,2
DA:218,1
DA:219,1
DA:224,2
DA:226,2
DA:230,1
DA:232,1
LF:75
LH:75
BRDA:18,0,0,2
BRDA:42,1,0,4
BRDA:55,2,0,2
BRDA:55,2,1,2
BRDA:56,3,0,4
BRDA:56,3,1,2
BRDA:60,4,0,1
BRDA:60,4,1,2
BRDA:83,5,0,1
BRDA:94,6,0,1
BRDA:106,7,0,1
BRDA:106,7,1,0
BRDA:107,8,0,1
BRDA:107,8,1,0
BRDA:126,9,0,2
BRDA:126,10,0,7
BRDA:126,10,1,6
BRDA:136,11,0,1
BRDA:149,12,0,1
BRDA:162,13,0,1
BRDA:176,14,0,3
BRDA:177,15,0,3
BRDA:177,15,1,0
BRDA:180,16,0,3
BRDA:180,16,1,0
BRDA:202,17,0,4
BRDA:207,18,0,1
BRDA:215,19,0,2
BRDA:215,20,0,3
BRDA:215,20,1,1
BRF:30
BRH:26
end_of_record
TN:
SF:src/modules/voices/voices.controller.ts
FN:6,(anonymous_2)
FN:9,(anonymous_3)
FNF:2
FNH:2
FNDA:8,(anonymous_2)
FNDA:5,(anonymous_3)
DA:1,3
DA:2,3
DA:5,3
DA:6,8
DA:9,3
DA:10,5
LF:6
LH:6
BRF:0
BRH:0
end_of_record
TN:
SF:src/modules/voices/voices.module.ts
FNF:0
FNH:0
DA:1,2
DA:2,2
DA:3,2
DA:4,2
DA:11,2
LF:5
LH:5
BRF:0
BRH:0
end_of_record
TN:
SF:src/modules/voices/voices.service.ts
FN:6,(anonymous_2)
FN:8,(anonymous_3)
FNF:2
FNH:2
FNDA:10,(anonymous_2)
FNDA:7,(anonymous_3)
DA:1,4
DA:2,4
DA:5,4
DA:6,10
DA:9,7
LF:5
LH:5
BRF:0
BRH:0
end_of_record
TN:
SF:src/modules/waitlist/reserve.controller.ts
FN:8,(anonymous_4)
FN:11,(anonymous_5)
FN:43,(anonymous_6)
FNF:3
FNH:3
FNDA:15,(anonymous_4)
FNDA:24,(anonymous_5)
FNDA:1,(anonymous_6)
DA:1,3
DA:2,3
DA:3,3
DA:4,3
DA:7,3
DA:8,15
DA:11,3
DA:12,24
DA:13,24
DA:14,24
DA:15,24
DA:21,24
DA:32,23
DA:33,23
DA:34,23
DA:35,23
DA:36,23
DA:37,23
DA:39,23
DA:45,23
LF:20
LH:20
BRDA:13,0,0,19
BRDA:13,0,1,5
BRDA:14,1,0,18
BRDA:14,1,1,6
BRDA:14,2,0,24
BRDA:14,2,1,1
BRDA:14,3,0,24
BRDA:14,3,1,15
BRDA:18,4,0,24
BRDA:18,4,1,12
BRDA:25,5,0,24
BRDA:25,5,1,12
BRDA:32,6,0,23
BRDA:32,6,1,22
BRDA:33,7,0,23
BRDA:33,7,1,22
BRDA:35,8,0,18
BRDA:35,9,0,9
BRDA:35,9,1,9
BRDA:36,10,0,12
BRF:20
BRH:20
end_of_record
TN:
SF:src/modules/waitlist/waitlist.controller.ts
FN:7,(anonymous_4)
FN:10,(anonymous_5)
FN:15,(anonymous_6)
FNF:3
FNH:3
FNDA:9,(anonymous_4)
FNDA:3,(anonymous_5)
FNDA:6,(anonymous_6)
DA:1,3
DA:2,3
DA:3,3
DA:6,3
DA:7,9
DA:10,3
DA:11,3
DA:15,3
DA:16,6
LF:9
LH:9
BRF:0
BRH:0
end_of_record
TN:
SF:src/modules/waitlist/waitlist.module.ts
FNF:0
FNH:0
DA:1,2
DA:2,2
DA:3,2
DA:4,2
DA:11,2
LF:5
LH:5
BRF:0
BRH:0
end_of_record
TN:
SF:src/modules/waitlist/waitlist.service.ts
FN:8,(anonymous_2)
FN:13,(anonymous_3)
FN:76,(anonymous_4)
FN:89,(anonymous_5)
FN:114,(anonymous_6)
FNF:5
FNH:5
FNDA:20,(anonymous_2)
FNDA:15,(anonymous_3)
FNDA:7,(anonymous_4)
FNDA:9,(anonymous_5)
FNDA:9,(anonymous_6)
DA:1,4
DA:2,4
DA:3,4
DA:7,4
DA:9,20
DA:10,20
DA:14,15
DA:16,15
DA:17,2
DA:20,13
DA:21,13
DA:22,2
DA:25,11
DA:26,11
DA:29,11
DA:36,10
DA:37,1
DA:45,9
DA:57,9
DA:60,9
DA:62,9
DA:68,1
DA:69,1
DA:77,7
DA:78,7
DA:83,6
DA:85,1
DA:90,9
DA:91,9
DA:92,9
DA:93,9
DA:95,9
DA:96,9
DA:97,9
DA:99,9
DA:109,1
DA:115,9
DA:116,9
DA:117,9
DA:119,9
DA:121,8
DA:122,8
DA:123,8
DA:134,8
DA:144,1
LF:45
LH:45
BRDA:16,0,0,2
BRDA:16,1,0,15
BRDA:16,1,1,15
BRDA:21,2,0,2
BRDA:36,3,0,1
BRDA:48,4,0,9
BRDA:48,4,1,1
BRDA:49,5,0,9
BRDA:49,5,1,1
BRDA:50,6,0,9
BRDA:50,6,1,1
BRDA:51,7,0,1
BRDA:51,7,1,8
BRDA:95,8,0,8
BRDA:95,9,0,8
BRDA:95,9,1,0
BRDA:96,10,0,8
BRDA:97,11,0,9
BRDA:119,12,0,1
BRDA:119,13,0,9
BRDA:119,13,1,8
BRDA:122,14,0,8
BRDA:122,14,1,1
BRDA:122,15,0,7
BRDA:122,15,1,1
BRDA:125,16,0,7
BRDA:125,16,1,1
BRDA:125,17,0,7
BRDA:125,17,1,0
BRDA:126,18,0,7
BRDA:126,18,1,1
BRF:31
BRH:29
end_of_record
TN:
SF:src/services/audio.service.ts
FN:9,(anonymous_1)
FNF:1
FNH:1
FNDA:11,(anonymous_1)
DA:1,8
DA:2,8
DA:3,8
DA:4,8
DA:5,8
DA:8,8
DA:10,11
DA:13,11
DA:15,10
DA:16,10
DA:19,10
DA:20,24
DA:21,24
DA:22,15
DA:26,10
DA:29,10
DA:30,10
DA:33,10
DA:36,10
DA:37,10
DA:38,9
DA:39,9
LF:22
LH:22
BRDA:21,0,0,15
BRF:1
BRH:1
end_of_record
TN:
SF:src/services/claude.service.ts
FN:44,(anonymous_2)
FN:46,(anonymous_3)
FN:108,(anonymous_4)
FNF:3
FNH:3
FNDA:17,(anonymous_2)
FNDA:14,(anonymous_3)
FNDA:3,(anonymous_4)
DA:1,6
DA:2,6
DA:43,6
DA:44,17
DA:51,14
DA:53,14
DA:54,1
DA:57,13
DA:79,13
DA:108,3
DA:133,13
DA:148,12
DA:149,1
DA:150,1
DA:153,11
DA:154,11
DA:156,11
DA:157,11
DA:160,10
LF:19
LH:19
BRDA:48,0,0,9
BRDA:53,1,0,1
BRDA:57,2,0,1
BRDA:57,2,1,12
BRDA:107,3,0,2
BRDA:107,3,1,11
BRDA:107,4,0,1
BRDA:107,4,1,1
BRDA:108,5,0,2
BRDA:108,5,1,11
BRDA:148,6,0,1
BRF:11
BRH:11
end_of_record
TN:
SF:src/services/replicate.service.ts
FN:10,(anonymous_2)
FN:12,(anonymous_3)
FN:28,(anonymous_4)
FN:30,(anonymous_5)
FN:62,(anonymous_6)
FNF:5
FNH:5
FNDA:18,(anonymous_2)
FNDA:15,(anonymous_3)
FNDA:59,(anonymous_4)
FNDA:43,(anonymous_5)
FNDA:15,(anonymous_6)
DA:1,6
DA:2,6
DA:4,6
DA:5,6
DA:6,6
DA:9,6
DA:10,18
DA:19,15
DA:21,15
DA:22,1
DA:23,1
DA:26,14
DA:27,14
DA:28,59
DA:30,43
DA:33,14
DA:36,14
DA:53,14
DA:54,0
DA:55,0
DA:58,14
DA:61,14
DA:62,15
DA:63,15
DA:66,15
DA:69,13
DA:70,1
DA:71,1
DA:74,12
DA:75,12
DA:78,11
DA:79,11
DA:80,11
DA:81,11
DA:82,11
DA:83,11
DA:85,11
DA:88,11
DA:89,11
DA:90,11
DA:91,11
DA:92,11
DA:93,10
DA:95,1
DA:98,11
DA:99,11
DA:101,1
DA:102,1
LF:48
LH:46
BRDA:21,0,0,1
BRDA:53,1,0,0
BRDA:61,2,0,28
BRDA:61,2,1,16
BRDA:69,3,0,1
BRDA:75,4,0,1
BRDA:78,5,0,11
BRDA:78,5,1,0
BRF:8
BRH:6
end_of_record
TN:
SF:src/services/tts.service.ts
FN:146,(anonymous_2)
FN:148,(anonymous_3)
FN:153,(anonymous_4)
FN:167,(anonymous_5)
FN:168,(anonymous_6)
FN:179,(anonymous_7)
FN:235,(anonymous_8)
FN:287,(anonymous_9)
FNF:8
FNH:8
FNDA:31,(anonymous_2)
FNDA:2,(anonymous_3)
FNDA:17,(anonymous_4)
FNDA:113,(anonymous_5)
FNDA:336,(anonymous_6)
FNDA:6,(anonymous_7)
FNDA:8,(anonymous_8)
FNDA:9,(anonymous_9)
DA:1,10
DA:2,10
DA:4,10
DA:6,10
DA:7,10
DA:28,10
DA:29,31
DA:70,31
DA:111,31
DA:136,31
DA:143,31
DA:144,31
DA:146,31
DA:149,2
DA:158,17
DA:159,17
DA:161,16
DA:162,16
DA:164,16
DA:165,135
DA:166,89
DA:167,89
DA:168,336
DA:170,89
DA:171,6
DA:172,6
DA:175,16
DA:180,6
DA:181,6
DA:182,6
DA:192,6
DA:193,18
DA:194,0
DA:195,0
DA:196,18
DA:197,1
DA:198,1
DA:200,17
DA:202,17
DA:203,17
DA:204,6
DA:207,11
DA:208,11
DA:210,10
DA:211,10
DA:212,17
DA:213,17
DA:214,9
DA:215,9
DA:216,9
DA:219,10
DA:222,1
DA:224,1
DA:225,1
DA:226,1
DA:229,17
DA:232,6
DA:242,8
DA:244,8
DA:245,1
DA:248,7
DA:254,7
DA:255,7
DA:257,7
DA:266,7
DA:267,1
DA:268,1
DA:271,6
DA:273,6
DA:274,6
DA:276,6
DA:277,6
DA:278,6
DA:281,0
DA:282,0
DA:289,9
DA:290,9
DA:291,2
DA:292,2
DA:295,7
DA:297,7
DA:298,1
DA:299,1
DA:302,6
DA:315,5
DA:316,1
DA:317,1
DA:318,1
DA:321,4
DA:322,4
DA:323,4
DA:324,4
LF:92
LH:88
BRDA:159,0,0,1
BRDA:159,1,0,17
BRDA:159,1,1,17
BRDA:165,2,0,46
BRDA:168,3,0,336
BRDA:168,3,1,323
BRDA:170,4,0,6
BRDA:193,5,0,0
BRDA:193,5,1,18
BRDA:196,6,0,1
BRDA:196,6,1,17
BRDA:200,7,0,17
BRDA:200,7,1,0
BRDA:203,8,0,6
BRDA:203,8,1,11
BRDA:208,9,0,10
BRDA:208,9,1,1
BRDA:213,10,0,9
BRDA:219,11,0,10
BRDA:219,11,1,1
BRDA:222,12,0,1
BRDA:222,12,1,0
BRDA:223,13,0,0
BRDA:223,13,1,0
BRDA:239,14,0,6
BRDA:240,15,0,7
BRDA:244,16,0,1
BRDA:254,17,0,1
BRDA:255,18,0,1
BRDA:266,19,0,1
BRDA:281,20,0,0
BRDA:290,21,0,2
BRDA:297,22,0,1
BRDA:315,23,0,1
BRF:34
BRH:28
end_of_record
TN:
SF:src/utils/exec.util.ts
FNF:0
FNH:0
DA:1,0
DA:2,0
DA:4,0
LF:3
LH:0
BRF:0
BRH:0
end_of_record
